[${project.name}][${env:SERVER_PORT}] 2021-08-13 10:32:37,051 INFO [main][DefaultApplicationProvider.java:85] - App ID is set to consumer-service by app.id property from System Property
[${project.name}][${env:SERVER_PORT}] 2021-08-13 10:32:37,061 INFO [main][DefaultServerProvider.java:108] - Environment is set to [dev] by JVM system property 'env'.
[${project.name}][${env:SERVER_PORT}] 2021-08-13 10:32:37,151 WARN [main][DefaultMetaServerProvider.java:39] - Could not find meta server address, because it is not available in neither (1) JVM system property 'apollo.meta', (2) OS env variable 'APOLLO_META' (3) property 'apollo.meta' from server.properties nor (4) property 'apollo.meta' from app.properties
[${project.name}][${env:SERVER_PORT}] 2021-08-13 10:32:37,162 INFO [main][MetaDomainConsts.java:93] - Located meta server address http://localhost:8080 for env DEV from com.ctrip.framework.apollo.core.internals.LegacyMetaServerProvider
[${project.name}][${env:SERVER_PORT}] 2021-08-13 10:32:37,167 INFO [Eureka-EvictionTimer][AbstractInstanceRegistry.java:1250] - Running the evict task with compensationTime 0ms
[${project.name}][${env:SERVER_PORT}] 2021-08-13 10:32:38,343 INFO [main][SpringApplication.java:675] - No active profile set, falling back to default profiles: default
[${project.name}][${env:SERVER_PORT}] 2021-08-13 10:32:38,391 INFO [main][RepositoryConfigurationDelegate.java:244] - Multiple Spring Data modules found, entering strict repository configuration mode!
[${project.name}][${env:SERVER_PORT}] 2021-08-13 10:32:38,398 INFO [main][RepositoryConfigurationDelegate.java:126] - Bootstrapping Spring Data repositories in DEFAULT mode.
[${project.name}][${env:SERVER_PORT}] 2021-08-13 10:32:38,516 INFO [main][RepositoryConfigurationDelegate.java:182] - Finished Spring Data repository scanning in 86ms. Found 0 repository interfaces.
[${project.name}][${env:SERVER_PORT}] 2021-08-13 10:32:38,900 WARN [main][EndpointId.java:135] - Endpoint ID 'service-registry' contains invalid characters, please migrate to a valid format.
[${project.name}][${env:SERVER_PORT}] 2021-08-13 10:32:39,066 INFO [main][ConfigurationClassPostProcessor.java:380] - Cannot enhance @Configuration bean definition 'com.ctrip.framework.apollo.spring.boot.ApolloAutoConfiguration' since its singleton instance has been created too early. The typical cause is a non-static @Bean method with a BeanDefinitionRegistryPostProcessor return type: Consider declaring such methods as 'static'.
[${project.name}][${env:SERVER_PORT}] 2021-08-13 10:32:39,402 INFO [main][GenericScope.java:294] - BeanFactory id=2c4ef2eb-29cb-3881-82d6-305f8cfa2a97
[${project.name}][${env:SERVER_PORT}] 2021-08-13 10:32:39,454 WARN [main][PropertySourcesDeducer.java:75] - Multiple PropertySourcesPlaceholderConfigurer beans registered [propertySourcesPlaceholderConfigurer, org.springframework.context.support.PropertySourcesPlaceholderConfigurer], falling back to Environment
[${project.name}][${env:SERVER_PORT}] 2021-08-13 10:32:39,485 INFO [main][PostProcessorRegistrationDelegate.java:330] - Bean 'cn.itcast.wanxinp2p.uaa.agent.AccountApiAgent' of type [org.springframework.cloud.openfeign.FeignClientFactoryBean] is not eligible for getting processed by all BeanPostProcessors (for example: not eligible for auto-proxying)
[${project.name}][${env:SERVER_PORT}] 2021-08-13 10:32:39,512 INFO [main][PostProcessorRegistrationDelegate.java:330] - Bean 'com.alibaba.druid.spring.boot.autoconfigure.stat.DruidSpringAopConfiguration' of type [com.alibaba.druid.spring.boot.autoconfigure.stat.DruidSpringAopConfiguration] is not eligible for getting processed by all BeanPostProcessors (for example: not eligible for auto-proxying)
[${project.name}][${env:SERVER_PORT}] 2021-08-13 10:32:39,693 INFO [main][PostProcessorRegistrationDelegate.java:330] - Bean 'org.springframework.transaction.annotation.ProxyTransactionManagementConfiguration' of type [org.springframework.transaction.annotation.ProxyTransactionManagementConfiguration$$EnhancerBySpringCGLIB$$285a371b] is not eligible for getting processed by all BeanPostProcessors (for example: not eligible for auto-proxying)
[${project.name}][${env:SERVER_PORT}] 2021-08-13 10:32:39,761 INFO [main][PostProcessorRegistrationDelegate.java:330] - Bean 'spring.datasource.druid-com.alibaba.druid.spring.boot.autoconfigure.properties.DruidStatProperties' of type [com.alibaba.druid.spring.boot.autoconfigure.properties.DruidStatProperties] is not eligible for getting processed by all BeanPostProcessors (for example: not eligible for auto-proxying)
[${project.name}][${env:SERVER_PORT}] 2021-08-13 10:32:39,782 INFO [main][PostProcessorRegistrationDelegate.java:330] - Bean 'advisor' of type [org.springframework.aop.support.RegexpMethodPointcutAdvisor] is not eligible for getting processed by all BeanPostProcessors (for example: not eligible for auto-proxying)
[${project.name}][${env:SERVER_PORT}] 2021-08-13 10:32:39,803 INFO [main][PostProcessorRegistrationDelegate.java:330] - Bean 'org.springframework.cloud.autoconfigure.ConfigurationPropertiesRebinderAutoConfiguration' of type [org.springframework.cloud.autoconfigure.ConfigurationPropertiesRebinderAutoConfiguration$$EnhancerBySpringCGLIB$$44743a18] is not eligible for getting processed by all BeanPostProcessors (for example: not eligible for auto-proxying)
[${project.name}][${env:SERVER_PORT}] 2021-08-13 10:32:40,768 INFO [main][TomcatWebServer.java:90] - Tomcat initialized with port(s): 53020 (http)
[${project.name}][${env:SERVER_PORT}] 2021-08-13 10:32:40,833 INFO [main][DirectJDKLog.java:173] - Initializing ProtocolHandler ["http-nio-53020"]
[${project.name}][${env:SERVER_PORT}] 2021-08-13 10:32:40,896 INFO [main][DirectJDKLog.java:173] - Starting service [Tomcat]
[${project.name}][${env:SERVER_PORT}] 2021-08-13 10:32:40,898 INFO [main][DirectJDKLog.java:173] - Starting Servlet engine: [Apache Tomcat/9.0.16]
[${project.name}][${env:SERVER_PORT}] 2021-08-13 10:32:40,914 INFO [main][DirectJDKLog.java:173] - The APR based Apache Tomcat Native library which allows optimal performance in production environments was not found on the java.library.path: [D:\Program Files\Java\jdk1.8.0_191\bin;C:\Windows\Sun\Java\bin;C:\Windows\system32;C:\Windows;D:\Program Files (x86)\NetSarang\Xlpd 6\;D:\Program Files (x86)\;D:\Program Files (x86)\NetSarang\Xmanager 6\;D:\Program Files (x86)\NetSarang\Xftp 6\;D:\Program Files\Java\jdk1.8.0_191\bin;D:\Program Files\Java\jdk1.8.0_191\jre\bin;C:\Windows\system32;C:\Windows;C:\Windows\System32\Wbem;C:\Windows\System32\WindowsPowerShell\v1.0\;C:\Windows\System32\OpenSSH\;C:\Program Files (x86)\AMD\ATI.ACE\Core-Static;C:\Program Files (x86)\MySQL\MySQL Fabric 1.5 & MySQL Utilities 1.5\;C:\Program Files (x86)\MySQL\MySQL Fabric 1.5 & MySQL Utilities 1.5\Doctrine extensions for PHP\;C:\Program Files\MySQL\MySQL Server 5.7\bin;%CATALINA_HOME%\bin;D:\Program Files\Java\jdk1.8.0_191\bin;C:\Program Files\Git\cmd;.]
[${project.name}][${env:SERVER_PORT}] 2021-08-13 10:32:41,054 INFO [main][RepositoryConfigurationDelegate.java:244] - Multiple Spring Data modules found, entering strict repository configuration mode!
[${project.name}][${env:SERVER_PORT}] 2021-08-13 10:32:41,083 INFO [main][RepositoryConfigurationDelegate.java:126] - Bootstrapping Spring Data repositories in DEFAULT mode.
[${project.name}][${env:SERVER_PORT}] 2021-08-13 10:32:41,383 INFO [main][RepositoryConfigurationDelegate.java:182] - Finished Spring Data repository scanning in 47ms. Found 0 repository interfaces.
[${project.name}][${env:SERVER_PORT}] 2021-08-13 10:32:41,554 INFO [main][DirectJDKLog.java:173] - Initializing Spring embedded WebApplicationContext
[${project.name}][${env:SERVER_PORT}] 2021-08-13 10:32:41,556 INFO [main][ServletWebServerApplicationContext.java:296] - Root WebApplicationContext: initialization completed in 5559 ms
[${project.name}][${env:SERVER_PORT}] 2021-08-13 10:32:41,727 WARN [main][EndpointId.java:135] - Endpoint ID 'service-registry' contains invalid characters, please migrate to a valid format.
[${project.name}][${env:SERVER_PORT}] 2021-08-13 10:32:41,899 WARN [main][URLConfigurationSource.java:121] - No URLs will be polled as dynamic configuration sources.
[${project.name}][${env:SERVER_PORT}] 2021-08-13 10:32:41,901 INFO [main][URLConfigurationSource.java:122] - To enable URLs as dynamic configuration sources, define System property archaius.configurationSource.additionalUrls or make config.properties available on classpath.
[${project.name}][${env:SERVER_PORT}] 2021-08-13 10:32:41,928 INFO [main][DynamicPropertyFactory.java:281] - DynamicPropertyFactory is initialized with configuration sources: com.netflix.config.ConcurrentCompositeConfiguration@62ea8931
[${project.name}][${env:SERVER_PORT}] 2021-08-13 10:32:41,953 INFO [main][ConfigurationClassPostProcessor.java:380] - Cannot enhance @Configuration bean definition 'com.ctrip.framework.apollo.spring.boot.ApolloAutoConfiguration' since its singleton instance has been created too early. The typical cause is a non-static @Bean method with a BeanDefinitionRegistryPostProcessor return type: Consider declaring such methods as 'static'.
[${project.name}][${env:SERVER_PORT}] 2021-08-13 10:32:42,286 INFO [main][DruidDataSourceAutoConfigure.java:56] - Init DruidDataSource
[${project.name}][${env:SERVER_PORT}] 2021-08-13 10:32:42,357 INFO [main][GenericScope.java:294] - BeanFactory id=a745eec6-fb55-300e-8c84-b2dba31b4e3e
[${project.name}][${env:SERVER_PORT}] 2021-08-13 10:32:42,411 WARN [main][PropertySourcesDeducer.java:75] - Multiple PropertySourcesPlaceholderConfigurer beans registered [propertySourcesPlaceholderConfigurer, org.springframework.context.support.PropertySourcesPlaceholderConfigurer], falling back to Environment
[${project.name}][${env:SERVER_PORT}] 2021-08-13 10:32:42,446 INFO [main][PostProcessorRegistrationDelegate.java:330] - Bean 'cn.itcast.wanxinp2p.consumer.agent.AccountApiAgent' of type [org.springframework.cloud.openfeign.FeignClientFactoryBean] is not eligible for getting processed by all BeanPostProcessors (for example: not eligible for auto-proxying)
[${project.name}][${env:SERVER_PORT}] 2021-08-13 10:32:42,481 INFO [main][PostProcessorRegistrationDelegate.java:330] - Bean 'com.alibaba.druid.spring.boot.autoconfigure.stat.DruidSpringAopConfiguration' of type [com.alibaba.druid.spring.boot.autoconfigure.stat.DruidSpringAopConfiguration] is not eligible for getting processed by all BeanPostProcessors (for example: not eligible for auto-proxying)
[${project.name}][${env:SERVER_PORT}] 2021-08-13 10:32:42,510 INFO [main][PostProcessorRegistrationDelegate.java:330] - Bean 'org.apache.rocketmq.spring.autoconfigure.RocketMQAutoConfiguration' of type [org.apache.rocketmq.spring.autoconfigure.RocketMQAutoConfiguration$$EnhancerBySpringCGLIB$$883c3151] is not eligible for getting processed by all BeanPostProcessors (for example: not eligible for auto-proxying)
[${project.name}][${env:SERVER_PORT}] 2021-08-13 10:32:42,542 INFO [main][PostProcessorRegistrationDelegate.java:330] - Bean 'rocketmq-org.apache.rocketmq.spring.autoconfigure.RocketMQProperties' of type [org.apache.rocketmq.spring.autoconfigure.RocketMQProperties] is not eligible for getting processed by all BeanPostProcessors (for example: not eligible for auto-proxying)
[${project.name}][${env:SERVER_PORT}] 2021-08-13 10:32:42,962 INFO [main][DruidDataSource.java:1002] - {dataSource-1} inited
[${project.name}][${env:SERVER_PORT}] 2021-08-13 10:32:43,764 INFO [main][PostProcessorRegistrationDelegate.java:330] - Bean 'defaultMQProducer' of type [org.apache.rocketmq.client.producer.DefaultMQProducer] is not eligible for getting processed by all BeanPostProcessors (for example: not eligible for auto-proxying)
[${project.name}][${env:SERVER_PORT}] 2021-08-13 10:32:43,771 INFO [main][PostProcessorRegistrationDelegate.java:330] - Bean 'org.springframework.boot.autoconfigure.jackson.JacksonAutoConfiguration$JacksonObjectMapperConfiguration' of type [org.springframework.boot.autoconfigure.jackson.JacksonAutoConfiguration$JacksonObjectMapperConfiguration$$EnhancerBySpringCGLIB$$bb39a1e6] is not eligible for getting processed by all BeanPostProcessors (for example: not eligible for auto-proxying)
[${project.name}][${env:SERVER_PORT}] 2021-08-13 10:32:43,786 INFO [main][PostProcessorRegistrationDelegate.java:330] - Bean 'org.springframework.boot.autoconfigure.jackson.JacksonAutoConfiguration$JacksonObjectMapperBuilderConfiguration' of type [org.springframework.boot.autoconfigure.jackson.JacksonAutoConfiguration$JacksonObjectMapperBuilderConfiguration$$EnhancerBySpringCGLIB$$6d8663ff] is not eligible for getting processed by all BeanPostProcessors (for example: not eligible for auto-proxying)
[${project.name}][${env:SERVER_PORT}] 2021-08-13 10:32:43,794 INFO [main][PostProcessorRegistrationDelegate.java:330] - Bean 'org.springframework.boot.autoconfigure.jackson.JacksonAutoConfiguration$Jackson2ObjectMapperBuilderCustomizerConfiguration' of type [org.springframework.boot.autoconfigure.jackson.JacksonAutoConfiguration$Jackson2ObjectMapperBuilderCustomizerConfiguration$$EnhancerBySpringCGLIB$$289d49ee] is not eligible for getting processed by all BeanPostProcessors (for example: not eligible for auto-proxying)
[${project.name}][${env:SERVER_PORT}] 2021-08-13 10:32:43,804 INFO [main][PostProcessorRegistrationDelegate.java:330] - Bean 'spring.jackson-org.springframework.boot.autoconfigure.jackson.JacksonProperties' of type [org.springframework.boot.autoconfigure.jackson.JacksonProperties] is not eligible for getting processed by all BeanPostProcessors (for example: not eligible for auto-proxying)
[${project.name}][${env:SERVER_PORT}] 2021-08-13 10:32:43,809 INFO [main][PostProcessorRegistrationDelegate.java:330] - Bean 'standardJacksonObjectMapperBuilderCustomizer' of type [org.springframework.boot.autoconfigure.jackson.JacksonAutoConfiguration$Jackson2ObjectMapperBuilderCustomizerConfiguration$StandardJackson2ObjectMapperBuilderCustomizer] is not eligible for getting processed by all BeanPostProcessors (for example: not eligible for auto-proxying)
[${project.name}][${env:SERVER_PORT}] 2021-08-13 10:32:43,833 INFO [main][PostProcessorRegistrationDelegate.java:330] - Bean 'org.springframework.boot.autoconfigure.jackson.JacksonAutoConfiguration$ParameterNamesModuleConfiguration' of type [org.springframework.boot.autoconfigure.jackson.JacksonAutoConfiguration$ParameterNamesModuleConfiguration$$EnhancerBySpringCGLIB$$4f68c11c] is not eligible for getting processed by all BeanPostProcessors (for example: not eligible for auto-proxying)
[${project.name}][${env:SERVER_PORT}] 2021-08-13 10:32:43,845 INFO [main][PostProcessorRegistrationDelegate.java:330] - Bean 'parameterNamesModule' of type [com.fasterxml.jackson.module.paramnames.ParameterNamesModule] is not eligible for getting processed by all BeanPostProcessors (for example: not eligible for auto-proxying)
[${project.name}][${env:SERVER_PORT}] 2021-08-13 10:32:43,849 INFO [main][PostProcessorRegistrationDelegate.java:330] - Bean 'org.springframework.boot.autoconfigure.jackson.JacksonAutoConfiguration' of type [org.springframework.boot.autoconfigure.jackson.JacksonAutoConfiguration$$EnhancerBySpringCGLIB$$9d453f75] is not eligible for getting processed by all BeanPostProcessors (for example: not eligible for auto-proxying)
[${project.name}][${env:SERVER_PORT}] 2021-08-13 10:32:43,931 INFO [main][PostProcessorRegistrationDelegate.java:330] - Bean 'jsonComponentModule' of type [org.springframework.boot.jackson.JsonComponentModule] is not eligible for getting processed by all BeanPostProcessors (for example: not eligible for auto-proxying)
[${project.name}][${env:SERVER_PORT}] 2021-08-13 10:32:43,932 INFO [main][PostProcessorRegistrationDelegate.java:330] - Bean 'org.springframework.data.web.config.SpringDataJacksonConfiguration' of type [org.springframework.data.web.config.SpringDataJacksonConfiguration] is not eligible for getting processed by all BeanPostProcessors (for example: not eligible for auto-proxying)
[${project.name}][${env:SERVER_PORT}] 2021-08-13 10:32:43,937 INFO [main][PostProcessorRegistrationDelegate.java:330] - Bean 'jacksonGeoModule' of type [org.springframework.data.geo.GeoModule] is not eligible for getting processed by all BeanPostProcessors (for example: not eligible for auto-proxying)
[${project.name}][${env:SERVER_PORT}] 2021-08-13 10:32:43,941 INFO [main][PostProcessorRegistrationDelegate.java:330] - Bean 'jacksonObjectMapperBuilder' of type [org.springframework.http.converter.json.Jackson2ObjectMapperBuilder] is not eligible for getting processed by all BeanPostProcessors (for example: not eligible for auto-proxying)
[${project.name}][${env:SERVER_PORT}] 2021-08-13 10:32:43,990 INFO [main][PostProcessorRegistrationDelegate.java:330] - Bean 'jacksonObjectMapper' of type [com.fasterxml.jackson.databind.ObjectMapper] is not eligible for getting processed by all BeanPostProcessors (for example: not eligible for auto-proxying)
[${project.name}][${env:SERVER_PORT}] 2021-08-13 10:32:45,471 WARN [main][JwtAccessTokenConverter.java:302] - Unable to create an RSA verifier from verifierKey (ignoreable if using MAC)
[${project.name}][${env:SERVER_PORT}] 2021-08-13 10:32:46,424 WARN [main][URLConfigurationSource.java:121] - No URLs will be polled as dynamic configuration sources.
[${project.name}][${env:SERVER_PORT}] 2021-08-13 10:32:46,425 INFO [main][URLConfigurationSource.java:122] - To enable URLs as dynamic configuration sources, define System property archaius.configurationSource.additionalUrls or make config.properties available on classpath.
[${project.name}][${env:SERVER_PORT}] 2021-08-13 10:32:47,074 INFO [main][ExecutorConfigurationSupport.java:171] - Initializing ExecutorService 'applicationTaskExecutor'
[${project.name}][${env:SERVER_PORT}] 2021-08-13 10:32:47,173 INFO [Eureka-EvictionTimer][AbstractInstanceRegistry.java:1250] - Running the evict task with compensationTime 6ms
[${project.name}][${env:SERVER_PORT}] 2021-08-13 10:32:48,598 INFO [main][PostProcessorRegistrationDelegate.java:330] - Bean 'rocketMQTemplate' of type [org.apache.rocketmq.spring.core.RocketMQTemplate] is not eligible for getting processed by all BeanPostProcessors (for example: not eligible for auto-proxying)
[${project.name}][${env:SERVER_PORT}] 2021-08-13 10:32:48,603 INFO [main][PostProcessorRegistrationDelegate.java:330] - Bean 'transactionHandlerRegistry' of type [org.apache.rocketmq.spring.config.TransactionHandlerRegistry] is not eligible for getting processed by all BeanPostProcessors (for example: not eligible for auto-proxying)
[${project.name}][${env:SERVER_PORT}] 2021-08-13 10:32:48,757 INFO [main][PostProcessorRegistrationDelegate.java:330] - Bean 'org.springframework.transaction.annotation.ProxyTransactionManagementConfiguration' of type [org.springframework.transaction.annotation.ProxyTransactionManagementConfiguration$$EnhancerBySpringCGLIB$$5fa62255] is not eligible for getting processed by all BeanPostProcessors (for example: not eligible for auto-proxying)
[${project.name}][${env:SERVER_PORT}] 2021-08-13 10:32:48,872 INFO [main][PostProcessorRegistrationDelegate.java:330] - Bean 'spring.datasource.druid-com.alibaba.druid.spring.boot.autoconfigure.properties.DruidStatProperties' of type [com.alibaba.druid.spring.boot.autoconfigure.properties.DruidStatProperties] is not eligible for getting processed by all BeanPostProcessors (for example: not eligible for auto-proxying)
[${project.name}][${env:SERVER_PORT}] 2021-08-13 10:32:48,924 INFO [main][PostProcessorRegistrationDelegate.java:330] - Bean 'advisor' of type [org.springframework.aop.support.RegexpMethodPointcutAdvisor] is not eligible for getting processed by all BeanPostProcessors (for example: not eligible for auto-proxying)
[${project.name}][${env:SERVER_PORT}] 2021-08-13 10:32:48,974 INFO [main][PostProcessorRegistrationDelegate.java:330] - Bean 'org.springframework.cloud.autoconfigure.ConfigurationPropertiesRebinderAutoConfiguration' of type [org.springframework.cloud.autoconfigure.ConfigurationPropertiesRebinderAutoConfiguration$$EnhancerBySpringCGLIB$$7bc02552] is not eligible for getting processed by all BeanPostProcessors (for example: not eligible for auto-proxying)
[${project.name}][${env:SERVER_PORT}] 2021-08-13 10:32:49,533 INFO [main][DefaultSecurityFilterChain.java:43] - Creating filter chain: Ant [pattern='/public/**'], []
[${project.name}][${env:SERVER_PORT}] 2021-08-13 10:32:49,534 INFO [main][DefaultSecurityFilterChain.java:43] - Creating filter chain: Ant [pattern='/webjars/**'], []
[${project.name}][${env:SERVER_PORT}] 2021-08-13 10:32:49,534 INFO [main][DefaultSecurityFilterChain.java:43] - Creating filter chain: Ant [pattern='/v2/**'], []
[${project.name}][${env:SERVER_PORT}] 2021-08-13 10:32:49,535 INFO [main][DefaultSecurityFilterChain.java:43] - Creating filter chain: Ant [pattern='/swagger**'], []
[${project.name}][${env:SERVER_PORT}] 2021-08-13 10:32:49,535 INFO [main][DefaultSecurityFilterChain.java:43] - Creating filter chain: Ant [pattern='/static/**'], []
[${project.name}][${env:SERVER_PORT}] 2021-08-13 10:32:49,536 INFO [main][DefaultSecurityFilterChain.java:43] - Creating filter chain: Ant [pattern='/resources/**'], []
[${project.name}][${env:SERVER_PORT}] 2021-08-13 10:32:49,658 INFO [main][DefaultSecurityFilterChain.java:43] - Creating filter chain: OrRequestMatcher [requestMatchers=[Ant [pattern='/oauth/token'], Ant [pattern='/oauth/token_key'], Ant [pattern='/oauth/check_token']]], [org.springframework.security.web.context.request.async.WebAsyncManagerIntegrationFilter@6294e4a6, org.springframework.security.web.context.SecurityContextPersistenceFilter@7be62956, org.springframework.security.web.header.HeaderWriterFilter@265287ec, org.springframework.security.web.authentication.logout.LogoutFilter@53d87b2d, org.springframework.security.oauth2.provider.client.ClientCredentialsTokenEndpointFilter@9f48198, org.springframework.security.web.authentication.www.BasicAuthenticationFilter@736788b, org.springframework.security.web.savedrequest.RequestCacheAwareFilter@452ec287, org.springframework.security.web.servletapi.SecurityContextHolderAwareRequestFilter@289a4b90, org.springframework.security.web.authentication.AnonymousAuthenticationFilter@13662609, org.springframework.security.web.session.SessionManagementFilter@7210f559, org.springframework.security.web.access.ExceptionTranslationFilter@2bc59ab7, org.springframework.security.web.access.intercept.FilterSecurityInterceptor@ecf028c]
[${project.name}][${env:SERVER_PORT}] 2021-08-13 10:32:49,665 INFO [main][DefaultSecurityFilterChain.java:43] - Creating filter chain: any request, [org.springframework.security.web.context.request.async.WebAsyncManagerIntegrationFilter@26c6288d, org.springframework.security.web.context.SecurityContextPersistenceFilter@7cecab19, org.springframework.security.web.header.HeaderWriterFilter@460e5ffe, org.springframework.security.web.authentication.logout.LogoutFilter@1d5048d1, org.springframework.security.web.authentication.UsernamePasswordAuthenticationFilter@6c1bebca, org.springframework.security.web.savedrequest.RequestCacheAwareFilter@56402642, org.springframework.security.web.servletapi.SecurityContextHolderAwareRequestFilter@620572db, org.springframework.security.web.authentication.AnonymousAuthenticationFilter@57bd9c2b, org.springframework.security.web.session.SessionManagementFilter@1a4cbcc6, org.springframework.security.web.access.ExceptionTranslationFilter@a240452, org.springframework.security.web.access.intercept.FilterSecurityInterceptor@2986427e]
[${project.name}][${env:SERVER_PORT}] 2021-08-13 10:32:49,789 INFO [main][TomcatWebServer.java:90] - Tomcat initialized with port(s): 53050 (http)
[${project.name}][${env:SERVER_PORT}] 2021-08-13 10:32:49,815 INFO [main][DirectJDKLog.java:173] - Initializing ProtocolHandler ["http-nio-53050"]
[${project.name}][${env:SERVER_PORT}] 2021-08-13 10:32:49,824 INFO [NettyClientSelector_1][Slf4jLoggerFactory.java:95] - closeChannel: close the connection to remote address[] result: true
[${project.name}][${env:SERVER_PORT}] 2021-08-13 10:32:49,828 INFO [NettyClientSelector_1][Slf4jLoggerFactory.java:95] - closeChannel: close the connection to remote address[] result: true
[${project.name}][${env:SERVER_PORT}] 2021-08-13 10:32:49,838 INFO [main][DirectJDKLog.java:173] - Starting service [Tomcat]
[${project.name}][${env:SERVER_PORT}] 2021-08-13 10:32:49,839 INFO [main][DirectJDKLog.java:173] - Starting Servlet engine: [Apache Tomcat/9.0.16]
[${project.name}][${env:SERVER_PORT}] 2021-08-13 10:32:49,853 INFO [main][DirectJDKLog.java:173] - The APR based Apache Tomcat Native library which allows optimal performance in production environments was not found on the java.library.path: [D:\Program Files\Java\jdk1.8.0_191\bin;C:\Windows\Sun\Java\bin;C:\Windows\system32;C:\Windows;D:\Program Files (x86)\NetSarang\Xlpd 6\;D:\Program Files (x86)\;D:\Program Files (x86)\NetSarang\Xmanager 6\;D:\Program Files (x86)\NetSarang\Xftp 6\;D:\Program Files\Java\jdk1.8.0_191\bin;D:\Program Files\Java\jdk1.8.0_191\jre\bin;C:\Windows\system32;C:\Windows;C:\Windows\System32\Wbem;C:\Windows\System32\WindowsPowerShell\v1.0\;C:\Windows\System32\OpenSSH\;C:\Program Files (x86)\AMD\ATI.ACE\Core-Static;C:\Program Files (x86)\MySQL\MySQL Fabric 1.5 & MySQL Utilities 1.5\;C:\Program Files (x86)\MySQL\MySQL Fabric 1.5 & MySQL Utilities 1.5\Doctrine extensions for PHP\;C:\Program Files\MySQL\MySQL Server 5.7\bin;%CATALINA_HOME%\bin;D:\Program Files\Java\jdk1.8.0_191\bin;C:\Program Files\Git\cmd;.]
[${project.name}][${env:SERVER_PORT}] 2021-08-13 10:32:50,098 INFO [main][EndpointLinksResolver.java:59] - Exposing 2 endpoint(s) beneath base path '/actuator'
[${project.name}][${env:SERVER_PORT}] 2021-08-13 10:32:50,160 INFO [main][DirectJDKLog.java:173] - Initializing Spring embedded WebApplicationContext
[${project.name}][${env:SERVER_PORT}] 2021-08-13 10:32:50,162 INFO [main][ServletWebServerApplicationContext.java:296] - Root WebApplicationContext: initialization completed in 11786 ms
[${project.name}][${env:SERVER_PORT}] 2021-08-13 10:32:50,437 WARN [main][URLConfigurationSource.java:121] - No URLs will be polled as dynamic configuration sources.
[${project.name}][${env:SERVER_PORT}] 2021-08-13 10:32:50,438 INFO [main][URLConfigurationSource.java:122] - To enable URLs as dynamic configuration sources, define System property archaius.configurationSource.additionalUrls or make config.properties available on classpath.
[${project.name}][${env:SERVER_PORT}] 2021-08-13 10:32:50,469 INFO [main][DynamicPropertyFactory.java:281] - DynamicPropertyFactory is initialized with configuration sources: com.netflix.config.ConcurrentCompositeConfiguration@655203e3
[${project.name}][${env:SERVER_PORT}] 2021-08-13 10:32:50,714 INFO [main][DruidDataSourceAutoConfigure.java:56] - Init DruidDataSource
[${project.name}][${env:SERVER_PORT}] 2021-08-13 10:32:51,387 INFO [main][DruidDataSource.java:1002] - {dataSource-1} inited
[${project.name}][${env:SERVER_PORT}] 2021-08-13 10:32:51,587 INFO [main][InstanceInfoFactory.java:71] - Setting initial instance status as: STARTING
[${project.name}][${env:SERVER_PORT}] 2021-08-13 10:32:51,671 INFO [main][DiscoveryClient.java:349] - Initializing Eureka in region us-east-1
[${project.name}][${env:SERVER_PORT}] 2021-08-13 10:32:52,603 INFO [main][DiscoveryJerseyProvider.java:70] - Using JSON encoding codec LegacyJacksonJson
[${project.name}][${env:SERVER_PORT}] 2021-08-13 10:32:52,604 INFO [main][DiscoveryJerseyProvider.java:71] - Using JSON decoding codec LegacyJacksonJson
[${project.name}][${env:SERVER_PORT}] 2021-08-13 10:32:52,812 INFO [main][DiscoveryJerseyProvider.java:80] - Using XML encoding codec XStreamXml
[${project.name}][${env:SERVER_PORT}] 2021-08-13 10:32:52,813 INFO [main][DiscoveryJerseyProvider.java:81] - Using XML decoding codec XStreamXml
[${project.name}][${env:SERVER_PORT}] 2021-08-13 10:32:53,502 INFO [main][ConfigClusterResolver.java:43] - Resolving eureka endpoints via configuration
[${project.name}][${env:SERVER_PORT}] 2021-08-13 10:32:54,511 INFO [main][DiscoveryClient.java:958] - Disable delta property : false
[${project.name}][${env:SERVER_PORT}] 2021-08-13 10:32:54,512 INFO [main][DiscoveryClient.java:959] - Single vip registry refresh property : null
[${project.name}][${env:SERVER_PORT}] 2021-08-13 10:32:54,514 INFO [main][DiscoveryClient.java:960] - Force full registry fetch : false
[${project.name}][${env:SERVER_PORT}] 2021-08-13 10:32:54,515 INFO [main][DiscoveryClient.java:961] - Application is null : false
[${project.name}][${env:SERVER_PORT}] 2021-08-13 10:32:54,515 INFO [main][DiscoveryClient.java:962] - Registered Applications size is zero : true
[${project.name}][${env:SERVER_PORT}] 2021-08-13 10:32:54,516 INFO [main][DiscoveryClient.java:964] - Application version is -1: true
[${project.name}][${env:SERVER_PORT}] 2021-08-13 10:32:54,516 INFO [main][DiscoveryClient.java:1047] - Getting all instance registry info from the eureka server
[${project.name}][${env:SERVER_PORT}] 2021-08-13 10:32:54,986 INFO [main][DiscoveryClient.java:1056] - The response status is 200
[${project.name}][${env:SERVER_PORT}] 2021-08-13 10:32:54,991 INFO [main][DiscoveryClient.java:1270] - Starting heartbeat executor: renew interval is: 30
[${project.name}][${env:SERVER_PORT}] 2021-08-13 10:32:54,999 INFO [main][InstanceInfoReplicator.java:60] - InstanceInfoReplicator onDemand update allowed rate per min is 4
[${project.name}][${env:SERVER_PORT}] 2021-08-13 10:32:55,012 INFO [main][DiscoveryClient.java:449] - Discovery Client initialized at timestamp 1628821975010 with initial instances count: 4
[${project.name}][${env:SERVER_PORT}] 2021-08-13 10:32:55,016 INFO [main][EurekaServiceRegistry.java:42] - Registering application UAA-SERVICE with eureka with status UP
[${project.name}][${env:SERVER_PORT}] 2021-08-13 10:32:55,017 INFO [main][DiscoveryClient.java:1305] - Saw local status change event StatusChangeEvent [timestamp=1628821975017, current=UP, previous=STARTING]
[${project.name}][${env:SERVER_PORT}] 2021-08-13 10:32:55,020 INFO [DiscoveryClient-InstanceInfoReplicator-0][DiscoveryClient.java:826] - DiscoveryClient_UAA-SERVICE/uaa-service:192.168.1.9:53020: registering service...
[${project.name}][${env:SERVER_PORT}] 2021-08-13 10:32:55,054 INFO [main][DirectJDKLog.java:173] - Starting ProtocolHandler ["http-nio-53020"]
[${project.name}][${env:SERVER_PORT}] 2021-08-13 10:32:55,094 INFO [http-nio-53000-exec-4][AbstractInstanceRegistry.java:266] - Registered instance UAA-SERVICE/uaa-service:192.168.1.9:53020 with status UP (replication=false)
[${project.name}][${env:SERVER_PORT}] 2021-08-13 10:32:55,099 INFO [DiscoveryClient-InstanceInfoReplicator-0][DiscoveryClient.java:835] - DiscoveryClient_UAA-SERVICE/uaa-service:192.168.1.9:53020 - registration status: 204
[${project.name}][${env:SERVER_PORT}] 2021-08-13 10:32:55,123 INFO [main][TomcatWebServer.java:204] - Tomcat started on port(s): 53020 (http) with context path '/uaa'
[${project.name}][${env:SERVER_PORT}] 2021-08-13 10:32:55,124 INFO [main][EurekaAutoServiceRegistration.java:141] - Updating port to 53020
[${project.name}][${env:SERVER_PORT}] 2021-08-13 10:32:55,128 INFO [main][StartupInfoLogger.java:59] - Started UAAServer in 34.366 seconds (JVM running for 39.869)
[${project.name}][${env:SERVER_PORT}] 2021-08-13 10:32:55,613 INFO [http-nio-53000-exec-5][AbstractInstanceRegistry.java:266] - Registered instance UAA-SERVICE/uaa-service:192.168.1.9:53020 with status UP (replication=true)
[${project.name}][${env:SERVER_PORT}] 2021-08-13 10:32:55,867 INFO [main][EndpointLinksResolver.java:59] - Exposing 2 endpoint(s) beneath base path '/actuator'
[${project.name}][${env:SERVER_PORT}] 2021-08-13 10:32:56,040 INFO [main][PropertySourcedRequestMappingHandlerMapping.java:69] - Mapped URL path [/v2/api-docs] onto method [public org.springframework.http.ResponseEntity<springfox.documentation.spring.web.json.Json> springfox.documentation.swagger2.web.Swagger2Controller.getDocumentation(java.lang.String,javax.servlet.http.HttpServletRequest)]
[${project.name}][${env:SERVER_PORT}] 2021-08-13 10:32:56,070 WARN [main][URLConfigurationSource.java:121] - No URLs will be polled as dynamic configuration sources.
[${project.name}][${env:SERVER_PORT}] 2021-08-13 10:32:56,071 INFO [main][URLConfigurationSource.java:122] - To enable URLs as dynamic configuration sources, define System property archaius.configurationSource.additionalUrls or make config.properties available on classpath.
[${project.name}][${env:SERVER_PORT}] 2021-08-13 10:32:56,516 INFO [main][ExecutorConfigurationSupport.java:171] - Initializing ExecutorService 'applicationTaskExecutor'
[${project.name}][${env:SERVER_PORT}] 2021-08-13 10:32:57,173 INFO [Eureka-EvictionTimer][AbstractInstanceRegistry.java:1250] - Running the evict task with compensationTime 0ms
[${project.name}][${env:SERVER_PORT}] 2021-08-13 10:32:58,344 INFO [main][InstanceInfoFactory.java:71] - Setting initial instance status as: STARTING
[${project.name}][${env:SERVER_PORT}] 2021-08-13 10:32:58,399 INFO [main][DiscoveryClient.java:349] - Initializing Eureka in region us-east-1
[${project.name}][${env:SERVER_PORT}] 2021-08-13 10:32:59,168 INFO [main][DiscoveryJerseyProvider.java:70] - Using JSON encoding codec LegacyJacksonJson
[${project.name}][${env:SERVER_PORT}] 2021-08-13 10:32:59,168 INFO [main][DiscoveryJerseyProvider.java:71] - Using JSON decoding codec LegacyJacksonJson
[${project.name}][${env:SERVER_PORT}] 2021-08-13 10:32:59,472 INFO [main][DiscoveryJerseyProvider.java:80] - Using XML encoding codec XStreamXml
[${project.name}][${env:SERVER_PORT}] 2021-08-13 10:32:59,473 INFO [main][DiscoveryJerseyProvider.java:81] - Using XML decoding codec XStreamXml
[${project.name}][${env:SERVER_PORT}] 2021-08-13 10:33:00,192 INFO [main][ConfigClusterResolver.java:43] - Resolving eureka endpoints via configuration
[${project.name}][${env:SERVER_PORT}] 2021-08-13 10:33:00,898 INFO [main][DiscoveryClient.java:958] - Disable delta property : false
[${project.name}][${env:SERVER_PORT}] 2021-08-13 10:33:00,899 INFO [main][DiscoveryClient.java:959] - Single vip registry refresh property : null
[${project.name}][${env:SERVER_PORT}] 2021-08-13 10:33:00,899 INFO [main][DiscoveryClient.java:960] - Force full registry fetch : false
[${project.name}][${env:SERVER_PORT}] 2021-08-13 10:33:00,900 INFO [main][DiscoveryClient.java:961] - Application is null : false
[${project.name}][${env:SERVER_PORT}] 2021-08-13 10:33:00,900 INFO [main][DiscoveryClient.java:962] - Registered Applications size is zero : true
[${project.name}][${env:SERVER_PORT}] 2021-08-13 10:33:00,901 INFO [main][DiscoveryClient.java:964] - Application version is -1: true
[${project.name}][${env:SERVER_PORT}] 2021-08-13 10:33:00,901 INFO [main][DiscoveryClient.java:1047] - Getting all instance registry info from the eureka server
[${project.name}][${env:SERVER_PORT}] 2021-08-13 10:33:01,198 INFO [main][DiscoveryClient.java:1056] - The response status is 200
[${project.name}][${env:SERVER_PORT}] 2021-08-13 10:33:01,208 INFO [main][DiscoveryClient.java:1270] - Starting heartbeat executor: renew interval is: 30
[${project.name}][${env:SERVER_PORT}] 2021-08-13 10:33:01,213 INFO [main][InstanceInfoReplicator.java:60] - InstanceInfoReplicator onDemand update allowed rate per min is 4
[${project.name}][${env:SERVER_PORT}] 2021-08-13 10:33:01,219 INFO [main][DiscoveryClient.java:449] - Discovery Client initialized at timestamp 1628821981217 with initial instances count: 5
[${project.name}][${env:SERVER_PORT}] 2021-08-13 10:33:01,221 INFO [main][EurekaServiceRegistry.java:42] - Registering application CONSUMER-SERVICE with eureka with status UP
[${project.name}][${env:SERVER_PORT}] 2021-08-13 10:33:01,222 INFO [main][DiscoveryClient.java:1305] - Saw local status change event StatusChangeEvent [timestamp=1628821981222, current=UP, previous=STARTING]
[${project.name}][${env:SERVER_PORT}] 2021-08-13 10:33:01,225 INFO [main][DocumentationPluginsBootstrapper.java:160] - Context refreshed
[${project.name}][${env:SERVER_PORT}] 2021-08-13 10:33:01,225 INFO [DiscoveryClient-InstanceInfoReplicator-0][DiscoveryClient.java:826] - DiscoveryClient_CONSUMER-SERVICE/consumer-service:192.168.1.9:53050: registering service...
[${project.name}][${env:SERVER_PORT}] 2021-08-13 10:33:01,243 INFO [main][DocumentationPluginsBootstrapper.java:163] - Found 1 custom documentation plugin(s)
[${project.name}][${env:SERVER_PORT}] 2021-08-13 10:33:01,288 INFO [http-nio-53000-exec-7][AbstractInstanceRegistry.java:266] - Registered instance CONSUMER-SERVICE/consumer-service:192.168.1.9:53050 with status UP (replication=false)
[${project.name}][${env:SERVER_PORT}] 2021-08-13 10:33:01,290 INFO [DiscoveryClient-InstanceInfoReplicator-0][DiscoveryClient.java:835] - DiscoveryClient_CONSUMER-SERVICE/consumer-service:192.168.1.9:53050 - registration status: 204
[${project.name}][${env:SERVER_PORT}] 2021-08-13 10:33:01,301 INFO [main][ApiListingReferenceScanner.java:41] - Scanning for api listing references
[${project.name}][${env:SERVER_PORT}] 2021-08-13 10:33:01,506 INFO [main][DirectJDKLog.java:173] - Starting ProtocolHandler ["http-nio-53050"]
[${project.name}][${env:SERVER_PORT}] 2021-08-13 10:33:01,548 INFO [main][TomcatWebServer.java:204] - Tomcat started on port(s): 53050 (http) with context path '/consumer'
[${project.name}][${env:SERVER_PORT}] 2021-08-13 10:33:01,549 INFO [main][EurekaAutoServiceRegistration.java:141] - Updating port to 53050
[${project.name}][${env:SERVER_PORT}] 2021-08-13 10:33:01,553 INFO [main][StartupInfoLogger.java:59] - Started ConsumerService in 29.014 seconds (JVM running for 34.004)
[${project.name}][${env:SERVER_PORT}] 2021-08-13 10:33:01,808 INFO [http-nio-53000-exec-3][AbstractInstanceRegistry.java:266] - Registered instance CONSUMER-SERVICE/consumer-service:192.168.1.9:53050 with status UP (replication=true)
[${project.name}][${env:SERVER_PORT}] 2021-08-13 10:33:02,206 INFO [NettyClientSelector_1][Slf4jLoggerFactory.java:95] - closeChannel: close the connection to remote address[] result: true
[${project.name}][${env:SERVER_PORT}] 2021-08-13 10:33:04,030 INFO [NettyClientSelector_1][Slf4jLoggerFactory.java:95] - closeChannel: close the connection to remote address[] result: true
[${project.name}][${env:SERVER_PORT}] 2021-08-13 10:33:07,174 INFO [Eureka-EvictionTimer][AbstractInstanceRegistry.java:1250] - Running the evict task with compensationTime 1ms
[${project.name}][${env:SERVER_PORT}] 2021-08-13 10:33:17,175 INFO [Eureka-EvictionTimer][AbstractInstanceRegistry.java:1250] - Running the evict task with compensationTime 1ms
[${project.name}][${env:SERVER_PORT}] 2021-08-13 10:33:17,489 INFO [NettyClientSelector_1][Slf4jLoggerFactory.java:95] - closeChannel: close the connection to remote address[] result: true
[${project.name}][${env:SERVER_PORT}] 2021-08-13 10:33:19,606 INFO [NettyClientSelector_1][Slf4jLoggerFactory.java:95] - closeChannel: close the connection to remote address[] result: true
[${project.name}][${env:SERVER_PORT}] 2021-08-13 10:33:27,176 INFO [Eureka-EvictionTimer][AbstractInstanceRegistry.java:1250] - Running the evict task with compensationTime 0ms
[${project.name}][${env:SERVER_PORT}] 2021-08-13 10:33:32,208 INFO [NettyClientSelector_1][Slf4jLoggerFactory.java:95] - closeChannel: close the connection to remote address[] result: true
[${project.name}][${env:SERVER_PORT}] 2021-08-13 10:33:34,043 INFO [NettyClientSelector_1][Slf4jLoggerFactory.java:95] - closeChannel: close the connection to remote address[] result: true
[${project.name}][${env:SERVER_PORT}] 2021-08-13 10:33:37,176 INFO [Eureka-EvictionTimer][AbstractInstanceRegistry.java:1250] - Running the evict task with compensationTime 0ms
[${project.name}][${env:SERVER_PORT}] 2021-08-13 10:33:47,176 INFO [Eureka-EvictionTimer][AbstractInstanceRegistry.java:1250] - Running the evict task with compensationTime 0ms
[${project.name}][${env:SERVER_PORT}] 2021-08-13 10:33:47,499 INFO [NettyClientSelector_1][Slf4jLoggerFactory.java:95] - closeChannel: close the connection to remote address[] result: true
[${project.name}][${env:SERVER_PORT}] 2021-08-13 10:33:49,610 INFO [NettyClientSelector_1][Slf4jLoggerFactory.java:95] - closeChannel: close the connection to remote address[] result: true
[${project.name}][${env:SERVER_PORT}] 2021-08-13 10:33:57,176 INFO [Eureka-EvictionTimer][AbstractInstanceRegistry.java:1250] - Running the evict task with compensationTime 0ms
