[${project.name}][${env:SERVER_PORT}] 2021-09-13 18:02:08,008 INFO [AsyncResolver-bootstrap-executor-0][ConfigClusterResolver.java:43] - Resolving eureka endpoints via configuration
[${project.name}][${env:SERVER_PORT}] 2021-09-13 18:02:10,988 INFO [NettyClientSelector_1][Slf4jLoggerFactory.java:95] - closeChannel: close the connection to remote address[] result: true
[${project.name}][${env:SERVER_PORT}] 2021-09-13 18:02:11,108 INFO [NettyClientSelector_1][Slf4jLoggerFactory.java:95] - closeChannel: close the connection to remote address[] result: true
[${project.name}][${env:SERVER_PORT}] 2021-09-13 18:02:15,973 INFO [Eureka-EvictionTimer][AbstractInstanceRegistry.java:1250] - Running the evict task with compensationTime 0ms
[${project.name}][${env:SERVER_PORT}] 2021-09-13 18:02:21,600 INFO [NettyClientSelector_1][Slf4jLoggerFactory.java:95] - closeChannel: close the connection to remote address[] result: true
[${project.name}][${env:SERVER_PORT}] 2021-09-13 18:02:22,198 INFO [NettyClientSelector_1][Slf4jLoggerFactory.java:95] - closeChannel: close the connection to remote address[] result: true
[${project.name}][${env:SERVER_PORT}] 2021-09-13 18:02:22,373 INFO [NettyClientSelector_1][Slf4jLoggerFactory.java:95] - closeChannel: close the connection to remote address[] result: true
[${project.name}][${env:SERVER_PORT}] 2021-09-13 18:02:23,282 INFO [NettyClientSelector_1][Slf4jLoggerFactory.java:95] - closeChannel: close the connection to remote address[] result: true
[${project.name}][${env:SERVER_PORT}] 2021-09-13 18:02:24,283 INFO [NettyClientSelector_1][Slf4jLoggerFactory.java:95] - closeChannel: close the connection to remote address[] result: true
[${project.name}][${env:SERVER_PORT}] 2021-09-13 18:02:25,973 INFO [Eureka-EvictionTimer][AbstractInstanceRegistry.java:1250] - Running the evict task with compensationTime 0ms
[${project.name}][${env:SERVER_PORT}] 2021-09-13 18:02:26,297 INFO [NettyClientSelector_1][Slf4jLoggerFactory.java:95] - closeChannel: close the connection to remote address[] result: true
[${project.name}][${env:SERVER_PORT}] 2021-09-13 18:02:30,436 INFO [NettyClientSelector_1][Slf4jLoggerFactory.java:95] - closeChannel: close the connection to remote address[] result: true
[${project.name}][${env:SERVER_PORT}] 2021-09-13 18:02:30,513 INFO [NettyClientSelector_1][Slf4jLoggerFactory.java:95] - closeChannel: close the connection to remote address[] result: true
[${project.name}][${env:SERVER_PORT}] 2021-09-13 18:02:35,618 INFO [NettyClientSelector_1][Slf4jLoggerFactory.java:95] - closeChannel: close the connection to remote address[] result: true
[${project.name}][${env:SERVER_PORT}] 2021-09-13 18:02:35,889 INFO [NettyClientSelector_1][Slf4jLoggerFactory.java:95] - closeChannel: close the connection to remote address[] result: true
[${project.name}][${env:SERVER_PORT}] 2021-09-13 18:02:35,973 INFO [Eureka-EvictionTimer][AbstractInstanceRegistry.java:1250] - Running the evict task with compensationTime 0ms
[${project.name}][${env:SERVER_PORT}] 2021-09-13 18:02:40,985 INFO [NettyClientSelector_1][Slf4jLoggerFactory.java:95] - closeChannel: close the connection to remote address[] result: true
[${project.name}][${env:SERVER_PORT}] 2021-09-13 18:02:41,132 INFO [NettyClientSelector_1][Slf4jLoggerFactory.java:95] - closeChannel: close the connection to remote address[] result: true
[${project.name}][${env:SERVER_PORT}] 2021-09-13 18:02:45,973 INFO [Eureka-EvictionTimer][AbstractInstanceRegistry.java:1250] - Running the evict task with compensationTime 0ms
[${project.name}][${env:SERVER_PORT}] 2021-09-13 18:02:47,298 INFO [NettyClientSelector_1][Slf4jLoggerFactory.java:95] - closeChannel: close the connection to remote address[] result: true
[${project.name}][${env:SERVER_PORT}] 2021-09-13 18:02:48,300 INFO [NettyClientSelector_1][Slf4jLoggerFactory.java:95] - closeChannel: close the connection to remote address[] result: true
[${project.name}][${env:SERVER_PORT}] 2021-09-13 18:02:50,765 WARN [Apollo-RemoteConfigRepository-1][RemoteConfigRepository.java:194] - Load config failed, will retry in 1 SECONDS. appId: depository-agent-service, cluster: DEFAULT, namespaces: micro_service.spring-cloud-feign
[${project.name}][${env:SERVER_PORT}] 2021-09-13 18:02:51,599 INFO [NettyClientSelector_1][Slf4jLoggerFactory.java:95] - closeChannel: close the connection to remote address[] result: true
[${project.name}][${env:SERVER_PORT}] 2021-09-13 18:02:51,777 WARN [Apollo-RemoteConfigRepository-1][AbstractConfigRepository.java:26] - Sync config failed, will retry. Repository class com.ctrip.framework.apollo.internals.RemoteConfigRepository, reason: Load Apollo Config failed - appId: depository-agent-service, cluster: DEFAULT, namespace: micro_service.spring-cloud-feign, url: http://10.1.21.102:8080/configs/depository-agent-service/DEFAULT/micro_service.spring-cloud-feign?ip=10.1.21.102&messages=%7B%22details%22%3A%7B%22common-template%2Bdefault%2Bmicro_service.spring-cloud-feign%22%3A403%2C%22depository-agent-service%2Bdefault%2Bmicro_service.spring-cloud-feign%22%3A349%7D%7D [Cause: [status code: 404] Could not find config for namespace - appId: depository-agent-service, cluster: DEFAULT, namespace: micro_service.spring-cloud-feign, please check whether the configs are released in Apollo!]
[${project.name}][${env:SERVER_PORT}] 2021-09-13 18:02:52,196 INFO [NettyClientSelector_1][Slf4jLoggerFactory.java:95] - closeChannel: close the connection to remote address[] result: true
[${project.name}][${env:SERVER_PORT}] 2021-09-13 18:02:52,285 INFO [NettyClientSelector_1][Slf4jLoggerFactory.java:95] - closeChannel: close the connection to remote address[] result: true
[${project.name}][${env:SERVER_PORT}] 2021-09-13 18:02:52,370 INFO [NettyClientSelector_1][Slf4jLoggerFactory.java:95] - closeChannel: close the connection to remote address[] result: true
[${project.name}][${env:SERVER_PORT}] 2021-09-13 18:02:54,291 INFO [NettyClientSelector_1][Slf4jLoggerFactory.java:95] - closeChannel: close the connection to remote address[] result: true
[${project.name}][${env:SERVER_PORT}] 2021-09-13 18:02:55,973 INFO [Eureka-EvictionTimer][AbstractInstanceRegistry.java:1250] - Running the evict task with compensationTime 0ms
[${project.name}][${env:SERVER_PORT}] 2021-09-13 18:02:56,668 INFO [hmilyTransaction-hmily-transaction-self-recovery-10][LogUtil.java:87] - self recovery execute delayTime:60
[${project.name}][${env:SERVER_PORT}] 2021-09-13 18:02:56,704 INFO [hmilyTransaction-hmily-transaction-self-recovery-20][LogUtil.java:87] - self recovery execute delayTime:60
[${project.name}][${env:SERVER_PORT}] 2021-09-13 18:02:58,906 WARN [Apollo-RemoteConfigRepository-1][RemoteConfigRepository.java:194] - Load config failed, will retry in 1 SECONDS. appId: depository-agent-service, cluster: DEFAULT, namespaces: micro_service.spring-cloud-feign
[${project.name}][${env:SERVER_PORT}] 2021-09-13 18:02:59,918 WARN [Apollo-RemoteConfigRepository-1][AbstractConfigRepository.java:26] - Sync config failed, will retry. Repository class com.ctrip.framework.apollo.internals.RemoteConfigRepository, reason: Load Apollo Config failed - appId: depository-agent-service, cluster: DEFAULT, namespace: micro_service.spring-cloud-feign, url: http://10.1.21.102:8080/configs/depository-agent-service/DEFAULT/micro_service.spring-cloud-feign?ip=10.1.21.102&messages=%7B%22details%22%3A%7B%22common-template%2Bdefault%2Bmicro_service.spring-cloud-feign%22%3A403%2C%22depository-agent-service%2Bdefault%2Bmicro_service.spring-cloud-feign%22%3A349%7D%7D [Cause: [status code: 404] Could not find config for namespace - appId: depository-agent-service, cluster: DEFAULT, namespace: micro_service.spring-cloud-feign, please check whether the configs are released in Apollo!]
[${project.name}][${env:SERVER_PORT}] 2021-09-13 18:03:00,432 INFO [NettyClientSelector_1][Slf4jLoggerFactory.java:95] - closeChannel: close the connection to remote address[] result: true
[${project.name}][${env:SERVER_PORT}] 2021-09-13 18:03:00,512 INFO [NettyClientSelector_1][Slf4jLoggerFactory.java:95] - closeChannel: close the connection to remote address[] result: true
[${project.name}][${env:SERVER_PORT}] 2021-09-13 18:03:02,031 INFO [hmilyTransaction-hmily-transaction-self-recovery-30][LogUtil.java:87] - self recovery execute delayTime:60
[${project.name}][${env:SERVER_PORT}] 2021-09-13 18:03:05,617 INFO [NettyClientSelector_1][Slf4jLoggerFactory.java:95] - closeChannel: close the connection to remote address[] result: true
[${project.name}][${env:SERVER_PORT}] 2021-09-13 18:03:05,886 INFO [NettyClientSelector_1][Slf4jLoggerFactory.java:95] - closeChannel: close the connection to remote address[] result: true
[${project.name}][${env:SERVER_PORT}] 2021-09-13 18:03:05,973 INFO [Eureka-EvictionTimer][AbstractInstanceRegistry.java:1250] - Running the evict task with compensationTime 0ms
[${project.name}][${env:SERVER_PORT}] 2021-09-13 18:03:07,001 WARN [Apollo-RemoteConfigRepository-1][RemoteConfigRepository.java:194] - Load config failed, will retry in 1 SECONDS. appId: depository-agent-service, cluster: DEFAULT, namespaces: micro_service.spring-cloud-feign
[${project.name}][${env:SERVER_PORT}] 2021-09-13 18:03:07,267 INFO [hmilyTransaction-hmily-transaction-self-recovery-2][LogUtil.java:87] - self recovery execute delayTime:60
[${project.name}][${env:SERVER_PORT}] 2021-09-13 18:03:08,013 WARN [Apollo-RemoteConfigRepository-1][AbstractConfigRepository.java:26] - Sync config failed, will retry. Repository class com.ctrip.framework.apollo.internals.RemoteConfigRepository, reason: Load Apollo Config failed - appId: depository-agent-service, cluster: DEFAULT, namespace: micro_service.spring-cloud-feign, url: http://10.1.21.102:8080/configs/depository-agent-service/DEFAULT/micro_service.spring-cloud-feign?ip=10.1.21.102&messages=%7B%22details%22%3A%7B%22common-template%2Bdefault%2Bmicro_service.spring-cloud-feign%22%3A403%2C%22depository-agent-service%2Bdefault%2Bmicro_service.spring-cloud-feign%22%3A349%7D%7D [Cause: [status code: 404] Could not find config for namespace - appId: depository-agent-service, cluster: DEFAULT, namespace: micro_service.spring-cloud-feign, please check whether the configs are released in Apollo!]
[${project.name}][${env:SERVER_PORT}] 2021-09-13 18:03:10,303 INFO [NettyClientSelector_1][Slf4jLoggerFactory.java:95] - closeChannel: close the connection to remote address[] result: true
[${project.name}][${env:SERVER_PORT}] 2021-09-13 18:03:10,989 INFO [NettyClientSelector_1][Slf4jLoggerFactory.java:95] - closeChannel: close the connection to remote address[] result: true
[${project.name}][${env:SERVER_PORT}] 2021-09-13 18:03:11,109 INFO [NettyClientSelector_1][Slf4jLoggerFactory.java:95] - closeChannel: close the connection to remote address[] result: true
[${project.name}][${env:SERVER_PORT}] 2021-09-13 18:03:15,973 INFO [Eureka-EvictionTimer][AbstractInstanceRegistry.java:1250] - Running the evict task with compensationTime 0ms
[${project.name}][${env:SERVER_PORT}] 2021-09-13 18:03:18,805 INFO [AsyncResolver-bootstrap-executor-0][ConfigClusterResolver.java:43] - Resolving eureka endpoints via configuration
[${project.name}][${env:SERVER_PORT}] 2021-09-13 18:03:21,599 INFO [NettyClientSelector_1][Slf4jLoggerFactory.java:95] - closeChannel: close the connection to remote address[] result: true
[${project.name}][${env:SERVER_PORT}] 2021-09-13 18:03:22,195 INFO [NettyClientSelector_1][Slf4jLoggerFactory.java:95] - closeChannel: close the connection to remote address[] result: true
[${project.name}][${env:SERVER_PORT}] 2021-09-13 18:03:22,377 INFO [NettyClientSelector_1][Slf4jLoggerFactory.java:95] - closeChannel: close the connection to remote address[] result: true
[${project.name}][${env:SERVER_PORT}] 2021-09-13 18:03:24,301 INFO [NettyClientSelector_1][Slf4jLoggerFactory.java:95] - closeChannel: close the connection to remote address[] result: true
[${project.name}][${env:SERVER_PORT}] 2021-09-13 18:03:25,026 INFO [AsyncResolver-bootstrap-executor-0][ConfigClusterResolver.java:43] - Resolving eureka endpoints via configuration
[${project.name}][${env:SERVER_PORT}] 2021-09-13 18:03:25,973 INFO [Eureka-EvictionTimer][AbstractInstanceRegistry.java:1250] - Running the evict task with compensationTime 0ms
[${project.name}][${env:SERVER_PORT}] 2021-09-13 18:03:30,435 INFO [NettyClientSelector_1][Slf4jLoggerFactory.java:95] - closeChannel: close the connection to remote address[] result: true
[${project.name}][${env:SERVER_PORT}] 2021-09-13 18:03:30,512 INFO [NettyClientSelector_1][Slf4jLoggerFactory.java:95] - closeChannel: close the connection to remote address[] result: true
[${project.name}][${env:SERVER_PORT}] 2021-09-13 18:03:31,032 INFO [AsyncResolver-bootstrap-executor-0][ConfigClusterResolver.java:43] - Resolving eureka endpoints via configuration
[${project.name}][${env:SERVER_PORT}] 2021-09-13 18:03:32,311 INFO [NettyClientSelector_1][Slf4jLoggerFactory.java:95] - closeChannel: close the connection to remote address[] result: true
