[${project.name}][${env:SERVER_PORT}] 2021-09-14 16:01:20,852 WARN [Apollo-RemoteConfigRepository-1][RemoteConfigRepository.java:194] - Load config failed, will retry in 1 SECONDS. appId: uaa-service, cluster: DEFAULT, namespaces: micro_service.spring-cloud-feign
[${project.name}][${env:SERVER_PORT}] 2021-09-14 16:01:21,863 WARN [Apollo-RemoteConfigRepository-1][AbstractConfigRepository.java:26] - Sync config failed, will retry. Repository class com.ctrip.framework.apollo.internals.RemoteConfigRepository, reason: Load Apollo Config failed - appId: uaa-service, cluster: DEFAULT, namespace: micro_service.spring-cloud-feign, url: http://10.1.21.102:8080/configs/uaa-service/DEFAULT/micro_service.spring-cloud-feign?ip=10.1.21.102&messages=%7B%22details%22%3A%7B%22uaa-service%2Bdefault%2Bmicro_service.spring-cloud-feign%22%3A313%2C%22common-template%2Bdefault%2Bmicro_service.spring-cloud-feign%22%3A403%7D%7D [Cause: [status code: 404] Could not find config for namespace - appId: uaa-service, cluster: DEFAULT, namespace: micro_service.spring-cloud-feign, please check whether the configs are released in Apollo!]
[${project.name}][${env:SERVER_PORT}] 2021-09-14 16:01:30,736 INFO [Eureka-EvictionTimer][AbstractInstanceRegistry.java:1250] - Running the evict task with compensationTime 0ms
[${project.name}][${env:SERVER_PORT}] 2021-09-14 16:01:33,461 INFO [hmilyTransaction-hmily-transaction-self-recovery-2][LogUtil.java:87] - self recovery execute delayTime:60
[${project.name}][${env:SERVER_PORT}] 2021-09-14 16:01:34,019 INFO [AsyncResolver-bootstrap-executor-0][ConfigClusterResolver.java:43] - Resolving eureka endpoints via configuration
[${project.name}][${env:SERVER_PORT}] 2021-09-14 16:01:34,078 INFO [hmilyTransaction-hmily-transaction-self-recovery-41][LogUtil.java:87] - self recovery execute delayTime:60
[${project.name}][${env:SERVER_PORT}] 2021-09-14 16:01:36,525 INFO [hmilyTransaction-hmily-transaction-self-recovery-52][LogUtil.java:87] - self recovery execute delayTime:60
[${project.name}][${env:SERVER_PORT}] 2021-09-14 16:01:40,737 INFO [Eureka-EvictionTimer][AbstractInstanceRegistry.java:1250] - Running the evict task with compensationTime 0ms
[${project.name}][${env:SERVER_PORT}] 2021-09-14 16:01:50,738 INFO [Eureka-EvictionTimer][AbstractInstanceRegistry.java:1250] - Running the evict task with compensationTime 0ms
[${project.name}][${env:SERVER_PORT}] 2021-09-14 16:01:56,863 INFO [hmilyTransaction-hmily-transaction-self-recovery-20][LogUtil.java:87] - self recovery execute delayTime:60
[${project.name}][${env:SERVER_PORT}] 2021-09-14 16:01:56,863 INFO [hmilyTransaction-hmily-transaction-self-recovery-10][LogUtil.java:87] - self recovery execute delayTime:60
[${project.name}][${env:SERVER_PORT}] 2021-09-14 16:02:00,644 INFO [AsyncResolver-bootstrap-executor-0][ConfigClusterResolver.java:43] - Resolving eureka endpoints via configuration
[${project.name}][${env:SERVER_PORT}] 2021-09-14 16:02:00,739 INFO [Eureka-EvictionTimer][AbstractInstanceRegistry.java:1250] - Running the evict task with compensationTime 0ms
[${project.name}][${env:SERVER_PORT}] 2021-09-14 16:02:02,380 INFO [hmilyTransaction-hmily-transaction-self-recovery-30][LogUtil.java:87] - self recovery execute delayTime:60
[${project.name}][${env:SERVER_PORT}] 2021-09-14 16:02:10,740 INFO [Eureka-EvictionTimer][AbstractInstanceRegistry.java:1250] - Running the evict task with compensationTime 0ms
[${project.name}][${env:SERVER_PORT}] 2021-09-14 16:02:20,744 INFO [Eureka-EvictionTimer][AbstractInstanceRegistry.java:1250] - Running the evict task with compensationTime 3ms
[${project.name}][${env:SERVER_PORT}] 2021-09-14 16:02:30,745 INFO [Eureka-EvictionTimer][AbstractInstanceRegistry.java:1250] - Running the evict task with compensationTime 0ms
[${project.name}][${env:SERVER_PORT}] 2021-09-14 16:02:31,519 INFO [AsyncResolver-bootstrap-executor-0][ConfigClusterResolver.java:43] - Resolving eureka endpoints via configuration
[${project.name}][${env:SERVER_PORT}] 2021-09-14 16:02:33,474 INFO [hmilyTransaction-hmily-transaction-self-recovery-2][LogUtil.java:87] - self recovery execute delayTime:60
[${project.name}][${env:SERVER_PORT}] 2021-09-14 16:02:34,084 INFO [hmilyTransaction-hmily-transaction-self-recovery-41][LogUtil.java:87] - self recovery execute delayTime:60
[${project.name}][${env:SERVER_PORT}] 2021-09-14 16:02:36,531 INFO [hmilyTransaction-hmily-transaction-self-recovery-52][LogUtil.java:87] - self recovery execute delayTime:60
[${project.name}][${env:SERVER_PORT}] 2021-09-14 16:02:40,746 INFO [Eureka-EvictionTimer][AbstractInstanceRegistry.java:1250] - Running the evict task with compensationTime 0ms
[${project.name}][${env:SERVER_PORT}] 2021-09-14 16:02:50,749 INFO [Eureka-EvictionTimer][AbstractInstanceRegistry.java:1250] - Running the evict task with compensationTime 3ms
[${project.name}][${env:SERVER_PORT}] 2021-09-14 16:02:56,870 INFO [hmilyTransaction-hmily-transaction-self-recovery-20][LogUtil.java:87] - self recovery execute delayTime:60
[${project.name}][${env:SERVER_PORT}] 2021-09-14 16:02:56,870 INFO [hmilyTransaction-hmily-transaction-self-recovery-10][LogUtil.java:87] - self recovery execute delayTime:60
[${project.name}][${env:SERVER_PORT}] 2021-09-14 16:03:00,760 INFO [Eureka-EvictionTimer][AbstractInstanceRegistry.java:1250] - Running the evict task with compensationTime 10ms
[${project.name}][${env:SERVER_PORT}] 2021-09-14 16:03:02,390 INFO [hmilyTransaction-hmily-transaction-self-recovery-30][LogUtil.java:87] - self recovery execute delayTime:60
