[${project.name}][${env:SERVER_PORT}] 2021-10-16 18:00:18,501 INFO [NettyClientSelector_1][Slf4jLoggerFactory.java:95] - closeChannel: close the connection to remote address[] result: true
[${project.name}][${env:SERVER_PORT}] 2021-10-16 18:00:18,614 INFO [NettyClientSelector_1][Slf4jLoggerFactory.java:95] - closeChannel: close the connection to remote address[] result: true
[${project.name}][${env:SERVER_PORT}] 2021-10-16 18:00:18,850 INFO [NettyClientSelector_1][Slf4jLoggerFactory.java:95] - closeChannel: close the connection to remote address[] result: true
[${project.name}][${env:SERVER_PORT}] 2021-10-16 18:00:21,902 INFO [NettyClientSelector_1][Slf4jLoggerFactory.java:95] - closeChannel: close the connection to remote address[] result: true
[${project.name}][${env:SERVER_PORT}] 2021-10-16 18:00:21,920 INFO [hmilyTransaction-hmily-transaction-self-recovery-10][LogUtil.java:87] - self recovery execute delayTime:60
[${project.name}][${env:SERVER_PORT}] 2021-10-16 18:00:21,985 INFO [hmilyTransaction-hmily-transaction-self-recovery-20][LogUtil.java:87] - self recovery execute delayTime:60
[${project.name}][${env:SERVER_PORT}] 2021-10-16 18:00:24,243 INFO [Eureka-EvictionTimer][AbstractInstanceRegistry.java:1250] - Running the evict task with compensationTime 0ms
[${project.name}][${env:SERVER_PORT}] 2021-10-16 18:00:26,933 INFO [AsyncResolver-bootstrap-executor-0][ConfigClusterResolver.java:43] - Resolving eureka endpoints via configuration
[${project.name}][${env:SERVER_PORT}] 2021-10-16 18:00:27,369 INFO [hmilyTransaction-hmily-transaction-self-recovery-30][LogUtil.java:87] - self recovery execute delayTime:60
[${project.name}][${env:SERVER_PORT}] 2021-10-16 18:00:28,097 INFO [hmilyTransaction-hmily-transaction-self-recovery-2][LogUtil.java:87] - self recovery execute delayTime:60
[${project.name}][${env:SERVER_PORT}] 2021-10-16 18:00:34,243 INFO [Eureka-EvictionTimer][AbstractInstanceRegistry.java:1250] - Running the evict task with compensationTime 0ms
[${project.name}][${env:SERVER_PORT}] 2021-10-16 18:00:41,948 INFO [http-nio-53010-exec-6][ChainedDynamicProperty.java:115] - Flipping property: account-service.ribbon.ActiveConnectionsLimit to use NEXT property: niws.loadbalancer.availabilityFilteringRule.activeConnectionsLimit = 2147483647
[${project.name}][${env:SERVER_PORT}] 2021-10-16 18:00:41,950 INFO [http-nio-53010-exec-6][ShutdownEnabledTimer.java:58] - Shutdown hook installed for: NFLoadBalancer-PingTimer-account-service
[${project.name}][${env:SERVER_PORT}] 2021-10-16 18:00:41,951 INFO [http-nio-53010-exec-6][BaseLoadBalancer.java:197] - Client: account-service instantiated a LoadBalancer: DynamicServerListLoadBalancer:{NFLoadBalancer:name=account-service,current list of Servers=[],Load balancer stats=Zone stats: {},Server stats: []}ServerList:null
[${project.name}][${env:SERVER_PORT}] 2021-10-16 18:00:41,953 INFO [http-nio-53010-exec-6][DynamicServerListLoadBalancer.java:222] - Using serverListUpdater PollingServerListUpdater
[${project.name}][${env:SERVER_PORT}] 2021-10-16 18:00:41,976 INFO [http-nio-53010-exec-6][ChainedDynamicProperty.java:115] - Flipping property: account-service.ribbon.ActiveConnectionsLimit to use NEXT property: niws.loadbalancer.availabilityFilteringRule.activeConnectionsLimit = 2147483647
[${project.name}][${env:SERVER_PORT}] 2021-10-16 18:00:41,979 INFO [http-nio-53010-exec-6][DynamicServerListLoadBalancer.java:150] - DynamicServerListLoadBalancer for client account-service initialized: DynamicServerListLoadBalancer:{NFLoadBalancer:name=account-service,current list of Servers=[10.1.21.102:53030],Load balancer stats=Zone stats: {defaultzone=[Zone:defaultzone;	Instance count:1;	Active connections count: 0;	Circuit breaker tripped count: 0;	Active connections per server: 0.0;]
},Server stats: [[Server:10.1.21.102:53030;	Zone:defaultZone;	Total Requests:0;	Successive connection failure:0;	Total blackout seconds:0;	Last connection made:Thu Jan 01 08:00:00 CST 1970;	First connection made: Thu Jan 01 08:00:00 CST 1970;	Active Connections:0;	total failure count in last (1000) msecs:0;	average resp time:0.0;	90 percentile resp time:0.0;	95 percentile resp time:0.0;	min resp time:0.0;	max resp time:0.0;	stddev resp time:0.0]
]}ServerList:org.springframework.cloud.netflix.ribbon.eureka.DomainExtractingServerList@7a240d1
[${project.name}][${env:SERVER_PORT}] 2021-10-16 18:00:42,749 INFO [http-nio-53010-exec-8][ChainedDynamicProperty.java:115] - Flipping property: uaa-service.ribbon.ActiveConnectionsLimit to use NEXT property: niws.loadbalancer.availabilityFilteringRule.activeConnectionsLimit = 2147483647
[${project.name}][${env:SERVER_PORT}] 2021-10-16 18:00:42,752 INFO [http-nio-53010-exec-8][ShutdownEnabledTimer.java:58] - Shutdown hook installed for: NFLoadBalancer-PingTimer-uaa-service
[${project.name}][${env:SERVER_PORT}] 2021-10-16 18:00:42,753 INFO [http-nio-53010-exec-8][BaseLoadBalancer.java:197] - Client: uaa-service instantiated a LoadBalancer: DynamicServerListLoadBalancer:{NFLoadBalancer:name=uaa-service,current list of Servers=[],Load balancer stats=Zone stats: {},Server stats: []}ServerList:null
[${project.name}][${env:SERVER_PORT}] 2021-10-16 18:00:42,755 INFO [http-nio-53010-exec-8][DynamicServerListLoadBalancer.java:222] - Using serverListUpdater PollingServerListUpdater
[${project.name}][${env:SERVER_PORT}] 2021-10-16 18:00:42,757 INFO [http-nio-53010-exec-8][ChainedDynamicProperty.java:115] - Flipping property: uaa-service.ribbon.ActiveConnectionsLimit to use NEXT property: niws.loadbalancer.availabilityFilteringRule.activeConnectionsLimit = 2147483647
[${project.name}][${env:SERVER_PORT}] 2021-10-16 18:00:42,759 INFO [http-nio-53010-exec-8][DynamicServerListLoadBalancer.java:150] - DynamicServerListLoadBalancer for client uaa-service initialized: DynamicServerListLoadBalancer:{NFLoadBalancer:name=uaa-service,current list of Servers=[10.1.21.102:53020],Load balancer stats=Zone stats: {defaultzone=[Zone:defaultzone;	Instance count:1;	Active connections count: 0;	Circuit breaker tripped count: 0;	Active connections per server: 0.0;]
},Server stats: [[Server:10.1.21.102:53020;	Zone:defaultZone;	Total Requests:0;	Successive connection failure:0;	Total blackout seconds:0;	Last connection made:Thu Jan 01 08:00:00 CST 1970;	First connection made: Thu Jan 01 08:00:00 CST 1970;	Active Connections:0;	total failure count in last (1000) msecs:0;	average resp time:0.0;	90 percentile resp time:0.0;	95 percentile resp time:0.0;	min resp time:0.0;	max resp time:0.0;	stddev resp time:0.0]
]}ServerList:org.springframework.cloud.netflix.ribbon.eureka.DomainExtractingServerList@3eac3398
[${project.name}][${env:SERVER_PORT}] 2021-10-16 18:00:42,955 INFO [PollingServerListUpdater-0][ChainedDynamicProperty.java:115] - Flipping property: account-service.ribbon.ActiveConnectionsLimit to use NEXT property: niws.loadbalancer.availabilityFilteringRule.activeConnectionsLimit = 2147483647
