[${project.name}][${env:SERVER_PORT}] 2021-08-24 15:06:07,606 INFO [main][DefaultApplicationProvider.java:85] - App ID is set to depository-agent-service by app.id property from System Property
[${project.name}][${env:SERVER_PORT}] 2021-08-24 15:06:07,612 INFO [main][DefaultServerProvider.java:108] - Environment is set to [dev] by JVM system property 'env'.
[${project.name}][${env:SERVER_PORT}] 2021-08-24 15:06:07,665 WARN [main][DefaultMetaServerProvider.java:39] - Could not find meta server address, because it is not available in neither (1) JVM system property 'apollo.meta', (2) OS env variable 'APOLLO_META' (3) property 'apollo.meta' from server.properties nor (4) property 'apollo.meta' from app.properties
[${project.name}][${env:SERVER_PORT}] 2021-08-24 15:06:07,671 INFO [main][MetaDomainConsts.java:93] - Located meta server address http://localhost:8080 for env DEV from com.ctrip.framework.apollo.core.internals.LegacyMetaServerProvider
[${project.name}][${env:SERVER_PORT}] 2021-08-24 15:06:08,503 WARN [main][RemoteConfigRepository.java:194] - Load config failed, will retry in 1 SECONDS. appId: depository-agent-service, cluster: DEFAULT, namespaces: micro_service.spring-cloud-feign
[${project.name}][${env:SERVER_PORT}] 2021-08-24 15:06:09,512 WARN [main][AbstractConfigRepository.java:26] - Sync config failed, will retry. Repository class com.ctrip.framework.apollo.internals.RemoteConfigRepository, reason: Load Apollo Config failed - appId: depository-agent-service, cluster: DEFAULT, namespace: micro_service.spring-cloud-feign, url: http://192.168.1.6:8080/configs/depository-agent-service/DEFAULT/micro_service.spring-cloud-feign?ip=192.168.1.6 [Cause: [status code: 404] Could not find config for namespace - appId: depository-agent-service, cluster: DEFAULT, namespace: micro_service.spring-cloud-feign, please check whether the configs are released in Apollo!]
[${project.name}][${env:SERVER_PORT}] 2021-08-24 15:06:09,522 WARN [main][RemoteConfigRepository.java:194] - Load config failed, will retry in 1 SECONDS. appId: depository-agent-service, cluster: DEFAULT, namespaces: micro_service.spring-cloud-feign
[${project.name}][${env:SERVER_PORT}] 2021-08-24 15:06:10,531 WARN [main][LocalFileConfigRepository.java:167] - Sync config from upstream repository class com.ctrip.framework.apollo.internals.RemoteConfigRepository failed, reason: Load Apollo Config failed - appId: depository-agent-service, cluster: DEFAULT, namespace: micro_service.spring-cloud-feign, url: http://192.168.1.6:8080/configs/depository-agent-service/DEFAULT/micro_service.spring-cloud-feign?ip=192.168.1.6&messages=%7B%22details%22%3A%7B%22common-template%2Bdefault%2Bmicro_service.spring-cloud-feign%22%3A403%2C%22depository-agent-service%2Bdefault%2Bmicro_service.spring-cloud-feign%22%3A349%7D%7D [Cause: [status code: 404] Could not find config for namespace - appId: depository-agent-service, cluster: DEFAULT, namespace: micro_service.spring-cloud-feign, please check whether the configs are released in Apollo!]
[${project.name}][${env:SERVER_PORT}] 2021-08-24 15:06:10,540 WARN [Apollo-RemoteConfigRepository-1][RemoteConfigRepository.java:194] - Load config failed, will retry in 1 SECONDS. appId: depository-agent-service, cluster: DEFAULT, namespaces: micro_service.spring-cloud-feign
[${project.name}][${env:SERVER_PORT}] 2021-08-24 15:06:11,546 WARN [Apollo-RemoteConfigRepository-1][RemoteConfigRepository.java:194] - Load config failed, will retry in 1 SECONDS. appId: depository-agent-service, cluster: DEFAULT, namespaces: micro_service.spring-cloud-feign
[${project.name}][${env:SERVER_PORT}] 2021-08-24 15:06:12,553 WARN [Apollo-RemoteConfigRepository-1][AbstractConfigRepository.java:26] - Sync config failed, will retry. Repository class com.ctrip.framework.apollo.internals.RemoteConfigRepository, reason: Load Apollo Config failed - appId: depository-agent-service, cluster: DEFAULT, namespace: micro_service.spring-cloud-feign, url: http://192.168.1.6:8080/configs/depository-agent-service/DEFAULT/micro_service.spring-cloud-feign?ip=192.168.1.6&messages=%7B%22details%22%3A%7B%22common-template%2Bdefault%2Bmicro_service.spring-cloud-feign%22%3A403%2C%22depository-agent-service%2Bdefault%2Bmicro_service.spring-cloud-feign%22%3A349%7D%7D [Cause: [status code: 404] Could not find config for namespace - appId: depository-agent-service, cluster: DEFAULT, namespace: micro_service.spring-cloud-feign, please check whether the configs are released in Apollo!]
[${project.name}][${env:SERVER_PORT}] 2021-08-24 15:06:12,559 WARN [main][RemoteConfigRepository.java:194] - Load config failed, will retry in 1 SECONDS. appId: depository-agent-service, cluster: DEFAULT, namespaces: micro_service.spring-cloud-feign
[${project.name}][${env:SERVER_PORT}] 2021-08-24 15:06:13,565 WARN [main][LocalFileConfigRepository.java:167] - Sync config from upstream repository class com.ctrip.framework.apollo.internals.RemoteConfigRepository failed, reason: Load Apollo Config failed - appId: depository-agent-service, cluster: DEFAULT, namespace: micro_service.spring-cloud-feign, url: http://192.168.1.6:8080/configs/depository-agent-service/DEFAULT/micro_service.spring-cloud-feign?ip=192.168.1.6&messages=%7B%22details%22%3A%7B%22common-template%2Bdefault%2Bmicro_service.spring-cloud-feign%22%3A403%2C%22depository-agent-service%2Bdefault%2Bmicro_service.spring-cloud-feign%22%3A349%7D%7D [Cause: [status code: 404] Could not find config for namespace - appId: depository-agent-service, cluster: DEFAULT, namespace: micro_service.spring-cloud-feign, please check whether the configs are released in Apollo!]
[${project.name}][${env:SERVER_PORT}] 2021-08-24 15:06:13,566 WARN [main][AbstractConfigRepository.java:26] - Sync config failed, will retry. Repository class com.ctrip.framework.apollo.internals.LocalFileConfigRepository, reason: Load config from local config failed! [Cause: Cannot read from local cache file C:\opt\data\depository-agent-service\config-cache\depository-agent-service+DEFAULT+micro_service.spring-cloud-feign.properties]
[${project.name}][${env:SERVER_PORT}] 2021-08-24 15:06:13,573 WARN [main][RemoteConfigRepository.java:194] - Load config failed, will retry in 1 SECONDS. appId: depository-agent-service, cluster: DEFAULT, namespaces: micro_service.spring-cloud-feign
[${project.name}][${env:SERVER_PORT}] 2021-08-24 15:06:14,578 WARN [main][LocalFileConfigRepository.java:167] - Sync config from upstream repository class com.ctrip.framework.apollo.internals.RemoteConfigRepository failed, reason: Load Apollo Config failed - appId: depository-agent-service, cluster: DEFAULT, namespace: micro_service.spring-cloud-feign, url: http://192.168.1.6:8080/configs/depository-agent-service/DEFAULT/micro_service.spring-cloud-feign?ip=192.168.1.6&messages=%7B%22details%22%3A%7B%22common-template%2Bdefault%2Bmicro_service.spring-cloud-feign%22%3A403%2C%22depository-agent-service%2Bdefault%2Bmicro_service.spring-cloud-feign%22%3A349%7D%7D [Cause: [status code: 404] Could not find config for namespace - appId: depository-agent-service, cluster: DEFAULT, namespace: micro_service.spring-cloud-feign, please check whether the configs are released in Apollo!]
[${project.name}][${env:SERVER_PORT}] 2021-08-24 15:06:14,579 WARN [main][DefaultConfig.java:61] - Init Apollo Local Config failed - namespace: micro_service.spring-cloud-feign, reason: Load config from local config failed! [Cause: Cannot read from local cache file C:\opt\data\depository-agent-service\config-cache\depository-agent-service+DEFAULT+micro_service.spring-cloud-feign.properties].
[${project.name}][${env:SERVER_PORT}] 2021-08-24 15:06:14,615 WARN [main][DefaultConfig.java:95] - Could not load config for namespace micro_service.spring-cloud-feign from Apollo, please check whether the configs are released in Apollo! Return default value now!
[${project.name}][${env:SERVER_PORT}] 2021-08-24 15:06:14,616 INFO [main][SpringApplication.java:675] - No active profile set, falling back to default profiles: default
[${project.name}][${env:SERVER_PORT}] 2021-08-24 15:06:15,047 INFO [Eureka-EvictionTimer][AbstractInstanceRegistry.java:1250] - Running the evict task with compensationTime 0ms
[${project.name}][${env:SERVER_PORT}] 2021-08-24 15:06:16,268 INFO [main][RepositoryConfigurationDelegate.java:244] - Multiple Spring Data modules found, entering strict repository configuration mode!
[${project.name}][${env:SERVER_PORT}] 2021-08-24 15:06:16,274 INFO [main][RepositoryConfigurationDelegate.java:126] - Bootstrapping Spring Data repositories in DEFAULT mode.
[${project.name}][${env:SERVER_PORT}] 2021-08-24 15:06:16,433 INFO [main][RepositoryConfigurationDelegate.java:182] - Finished Spring Data repository scanning in 33ms. Found 0 repository interfaces.
[${project.name}][${env:SERVER_PORT}] 2021-08-24 15:06:16,644 WARN [main][EndpointId.java:135] - Endpoint ID 'service-registry' contains invalid characters, please migrate to a valid format.
[${project.name}][${env:SERVER_PORT}] 2021-08-24 15:06:17,030 INFO [main][GenericScope.java:294] - BeanFactory id=e23db10f-983b-3151-942a-3ad1855a35d7
[${project.name}][${env:SERVER_PORT}] 2021-08-24 15:06:17,165 INFO [main][PostProcessorRegistrationDelegate.java:330] - Bean 'com.alibaba.druid.spring.boot.autoconfigure.stat.DruidSpringAopConfiguration' of type [com.alibaba.druid.spring.boot.autoconfigure.stat.DruidSpringAopConfiguration] is not eligible for getting processed by all BeanPostProcessors (for example: not eligible for auto-proxying)
[${project.name}][${env:SERVER_PORT}] 2021-08-24 15:06:17,178 INFO [main][PostProcessorRegistrationDelegate.java:330] - Bean 'org.apache.rocketmq.spring.autoconfigure.RocketMQAutoConfiguration' of type [org.apache.rocketmq.spring.autoconfigure.RocketMQAutoConfiguration$$EnhancerBySpringCGLIB$$e27180a3] is not eligible for getting processed by all BeanPostProcessors (for example: not eligible for auto-proxying)
[${project.name}][${env:SERVER_PORT}] 2021-08-24 15:06:17,197 INFO [main][PostProcessorRegistrationDelegate.java:330] - Bean 'rocketmq-org.apache.rocketmq.spring.autoconfigure.RocketMQProperties' of type [org.apache.rocketmq.spring.autoconfigure.RocketMQProperties] is not eligible for getting processed by all BeanPostProcessors (for example: not eligible for auto-proxying)
[${project.name}][${env:SERVER_PORT}] 2021-08-24 15:06:18,884 INFO [main][PostProcessorRegistrationDelegate.java:330] - Bean 'defaultMQProducer' of type [org.apache.rocketmq.client.producer.DefaultMQProducer] is not eligible for getting processed by all BeanPostProcessors (for example: not eligible for auto-proxying)
[${project.name}][${env:SERVER_PORT}] 2021-08-24 15:06:18,890 INFO [main][PostProcessorRegistrationDelegate.java:330] - Bean 'org.springframework.boot.autoconfigure.jackson.JacksonAutoConfiguration$JacksonObjectMapperConfiguration' of type [org.springframework.boot.autoconfigure.jackson.JacksonAutoConfiguration$JacksonObjectMapperConfiguration$$EnhancerBySpringCGLIB$$156ef138] is not eligible for getting processed by all BeanPostProcessors (for example: not eligible for auto-proxying)
[${project.name}][${env:SERVER_PORT}] 2021-08-24 15:06:18,896 INFO [main][PostProcessorRegistrationDelegate.java:330] - Bean 'org.springframework.boot.autoconfigure.jackson.JacksonAutoConfiguration$JacksonObjectMapperBuilderConfiguration' of type [org.springframework.boot.autoconfigure.jackson.JacksonAutoConfiguration$JacksonObjectMapperBuilderConfiguration$$EnhancerBySpringCGLIB$$c7bbb351] is not eligible for getting processed by all BeanPostProcessors (for example: not eligible for auto-proxying)
[${project.name}][${env:SERVER_PORT}] 2021-08-24 15:06:18,904 INFO [main][PostProcessorRegistrationDelegate.java:330] - Bean 'org.springframework.boot.autoconfigure.jackson.JacksonAutoConfiguration$Jackson2ObjectMapperBuilderCustomizerConfiguration' of type [org.springframework.boot.autoconfigure.jackson.JacksonAutoConfiguration$Jackson2ObjectMapperBuilderCustomizerConfiguration$$EnhancerBySpringCGLIB$$82d29940] is not eligible for getting processed by all BeanPostProcessors (for example: not eligible for auto-proxying)
[${project.name}][${env:SERVER_PORT}] 2021-08-24 15:06:18,919 INFO [main][PostProcessorRegistrationDelegate.java:330] - Bean 'spring.jackson-org.springframework.boot.autoconfigure.jackson.JacksonProperties' of type [org.springframework.boot.autoconfigure.jackson.JacksonProperties] is not eligible for getting processed by all BeanPostProcessors (for example: not eligible for auto-proxying)
[${project.name}][${env:SERVER_PORT}] 2021-08-24 15:06:18,924 INFO [main][PostProcessorRegistrationDelegate.java:330] - Bean 'standardJacksonObjectMapperBuilderCustomizer' of type [org.springframework.boot.autoconfigure.jackson.JacksonAutoConfiguration$Jackson2ObjectMapperBuilderCustomizerConfiguration$StandardJackson2ObjectMapperBuilderCustomizer] is not eligible for getting processed by all BeanPostProcessors (for example: not eligible for auto-proxying)
[${project.name}][${env:SERVER_PORT}] 2021-08-24 15:06:18,933 INFO [main][PostProcessorRegistrationDelegate.java:330] - Bean 'org.springframework.boot.autoconfigure.jackson.JacksonAutoConfiguration$ParameterNamesModuleConfiguration' of type [org.springframework.boot.autoconfigure.jackson.JacksonAutoConfiguration$ParameterNamesModuleConfiguration$$EnhancerBySpringCGLIB$$a99e106e] is not eligible for getting processed by all BeanPostProcessors (for example: not eligible for auto-proxying)
[${project.name}][${env:SERVER_PORT}] 2021-08-24 15:06:18,942 INFO [main][PostProcessorRegistrationDelegate.java:330] - Bean 'parameterNamesModule' of type [com.fasterxml.jackson.module.paramnames.ParameterNamesModule] is not eligible for getting processed by all BeanPostProcessors (for example: not eligible for auto-proxying)
[${project.name}][${env:SERVER_PORT}] 2021-08-24 15:06:18,944 INFO [main][PostProcessorRegistrationDelegate.java:330] - Bean 'org.springframework.boot.autoconfigure.jackson.JacksonAutoConfiguration' of type [org.springframework.boot.autoconfigure.jackson.JacksonAutoConfiguration$$EnhancerBySpringCGLIB$$f77a8ec7] is not eligible for getting processed by all BeanPostProcessors (for example: not eligible for auto-proxying)
[${project.name}][${env:SERVER_PORT}] 2021-08-24 15:06:19,009 INFO [main][PostProcessorRegistrationDelegate.java:330] - Bean 'jsonComponentModule' of type [org.springframework.boot.jackson.JsonComponentModule] is not eligible for getting processed by all BeanPostProcessors (for example: not eligible for auto-proxying)
[${project.name}][${env:SERVER_PORT}] 2021-08-24 15:06:19,010 INFO [main][PostProcessorRegistrationDelegate.java:330] - Bean 'org.springframework.data.web.config.SpringDataJacksonConfiguration' of type [org.springframework.data.web.config.SpringDataJacksonConfiguration] is not eligible for getting processed by all BeanPostProcessors (for example: not eligible for auto-proxying)
[${project.name}][${env:SERVER_PORT}] 2021-08-24 15:06:19,017 INFO [main][PostProcessorRegistrationDelegate.java:330] - Bean 'jacksonGeoModule' of type [org.springframework.data.geo.GeoModule] is not eligible for getting processed by all BeanPostProcessors (for example: not eligible for auto-proxying)
[${project.name}][${env:SERVER_PORT}] 2021-08-24 15:06:19,021 INFO [main][PostProcessorRegistrationDelegate.java:330] - Bean 'jacksonObjectMapperBuilder' of type [org.springframework.http.converter.json.Jackson2ObjectMapperBuilder] is not eligible for getting processed by all BeanPostProcessors (for example: not eligible for auto-proxying)
[${project.name}][${env:SERVER_PORT}] 2021-08-24 15:06:19,053 INFO [main][PostProcessorRegistrationDelegate.java:330] - Bean 'jacksonObjectMapper' of type [com.fasterxml.jackson.databind.ObjectMapper] is not eligible for getting processed by all BeanPostProcessors (for example: not eligible for auto-proxying)
[${project.name}][${env:SERVER_PORT}] 2021-08-24 15:06:21,558 INFO [main][PostProcessorRegistrationDelegate.java:330] - Bean 'rocketMQTemplate' of type [org.apache.rocketmq.spring.core.RocketMQTemplate] is not eligible for getting processed by all BeanPostProcessors (for example: not eligible for auto-proxying)
[${project.name}][${env:SERVER_PORT}] 2021-08-24 15:06:21,562 INFO [main][PostProcessorRegistrationDelegate.java:330] - Bean 'transactionHandlerRegistry' of type [org.apache.rocketmq.spring.config.TransactionHandlerRegistry] is not eligible for getting processed by all BeanPostProcessors (for example: not eligible for auto-proxying)
[${project.name}][${env:SERVER_PORT}] 2021-08-24 15:06:21,610 INFO [main][PostProcessorRegistrationDelegate.java:330] - Bean 'spring.datasource.druid-com.alibaba.druid.spring.boot.autoconfigure.properties.DruidStatProperties' of type [com.alibaba.druid.spring.boot.autoconfigure.properties.DruidStatProperties] is not eligible for getting processed by all BeanPostProcessors (for example: not eligible for auto-proxying)
[${project.name}][${env:SERVER_PORT}] 2021-08-24 15:06:21,632 INFO [main][PostProcessorRegistrationDelegate.java:330] - Bean 'advisor' of type [org.springframework.aop.support.RegexpMethodPointcutAdvisor] is not eligible for getting processed by all BeanPostProcessors (for example: not eligible for auto-proxying)
[${project.name}][${env:SERVER_PORT}] 2021-08-24 15:06:21,661 INFO [main][PostProcessorRegistrationDelegate.java:330] - Bean 'org.springframework.transaction.annotation.ProxyTransactionManagementConfiguration' of type [org.springframework.transaction.annotation.ProxyTransactionManagementConfiguration$$EnhancerBySpringCGLIB$$b9db71a7] is not eligible for getting processed by all BeanPostProcessors (for example: not eligible for auto-proxying)
[${project.name}][${env:SERVER_PORT}] 2021-08-24 15:06:21,712 INFO [main][PostProcessorRegistrationDelegate.java:330] - Bean 'org.springframework.cloud.autoconfigure.ConfigurationPropertiesRebinderAutoConfiguration' of type [org.springframework.cloud.autoconfigure.ConfigurationPropertiesRebinderAutoConfiguration$$EnhancerBySpringCGLIB$$d5f574a4] is not eligible for getting processed by all BeanPostProcessors (for example: not eligible for auto-proxying)
[${project.name}][${env:SERVER_PORT}] 2021-08-24 15:06:22,368 INFO [main][TomcatWebServer.java:90] - Tomcat initialized with port(s): 53070 (http)
[${project.name}][${env:SERVER_PORT}] 2021-08-24 15:06:22,402 INFO [main][DirectJDKLog.java:173] - Initializing ProtocolHandler ["http-nio-53070"]
[${project.name}][${env:SERVER_PORT}] 2021-08-24 15:06:22,421 INFO [main][DirectJDKLog.java:173] - Starting service [Tomcat]
[${project.name}][${env:SERVER_PORT}] 2021-08-24 15:06:22,422 INFO [main][DirectJDKLog.java:173] - Starting Servlet engine: [Apache Tomcat/9.0.16]
[${project.name}][${env:SERVER_PORT}] 2021-08-24 15:06:22,432 INFO [main][DirectJDKLog.java:173] - The APR based Apache Tomcat Native library which allows optimal performance in production environments was not found on the java.library.path: [D:\Program Files\Java\jdk1.8.0_191\bin;C:\Windows\Sun\Java\bin;C:\Windows\system32;C:\Windows;D:\Program Files (x86)\NetSarang\Xlpd 6\;D:\Program Files (x86)\;D:\Program Files (x86)\NetSarang\Xmanager 6\;D:\Program Files (x86)\NetSarang\Xftp 6\;D:\Program Files\Java\jdk1.8.0_191\bin;D:\Program Files\Java\jdk1.8.0_191\jre\bin;C:\Windows\system32;C:\Windows;C:\Windows\System32\Wbem;C:\Windows\System32\WindowsPowerShell\v1.0\;C:\Windows\System32\OpenSSH\;C:\Program Files (x86)\AMD\ATI.ACE\Core-Static;C:\Program Files (x86)\MySQL\MySQL Fabric 1.5 & MySQL Utilities 1.5\;C:\Program Files (x86)\MySQL\MySQL Fabric 1.5 & MySQL Utilities 1.5\Doctrine extensions for PHP\;C:\Program Files\MySQL\MySQL Server 5.7\bin;%CATALINA_HOME%\bin;D:\Program Files\Java\jdk1.8.0_191\bin;C:\Program Files\Git\cmd;.]
[${project.name}][${env:SERVER_PORT}] 2021-08-24 15:06:22,729 INFO [main][DirectJDKLog.java:173] - Initializing Spring embedded WebApplicationContext
[${project.name}][${env:SERVER_PORT}] 2021-08-24 15:06:22,729 INFO [main][ServletWebServerApplicationContext.java:296] - Root WebApplicationContext: initialization completed in 8091 ms
[${project.name}][${env:SERVER_PORT}] 2021-08-24 15:06:23,010 WARN [main][URLConfigurationSource.java:121] - No URLs will be polled as dynamic configuration sources.
[${project.name}][${env:SERVER_PORT}] 2021-08-24 15:06:23,012 INFO [main][URLConfigurationSource.java:122] - To enable URLs as dynamic configuration sources, define System property archaius.configurationSource.additionalUrls or make config.properties available on classpath.
[${project.name}][${env:SERVER_PORT}] 2021-08-24 15:06:23,035 INFO [main][DynamicPropertyFactory.java:281] - DynamicPropertyFactory is initialized with configuration sources: com.netflix.config.ConcurrentCompositeConfiguration@62a6674f
[${project.name}][${env:SERVER_PORT}] 2021-08-24 15:06:23,205 INFO [main][DruidDataSourceAutoConfigure.java:56] - Init DruidDataSource
[${project.name}][${env:SERVER_PORT}] 2021-08-24 15:06:23,653 INFO [main][DruidDataSource.java:1002] - {dataSource-1} inited
[${project.name}][${env:SERVER_PORT}] 2021-08-24 15:06:25,047 INFO [Eureka-EvictionTimer][AbstractInstanceRegistry.java:1250] - Running the evict task with compensationTime 0ms
[${project.name}][${env:SERVER_PORT}] 2021-08-24 15:06:26,557 WARN [main][URLConfigurationSource.java:121] - No URLs will be polled as dynamic configuration sources.
[${project.name}][${env:SERVER_PORT}] 2021-08-24 15:06:26,557 INFO [main][URLConfigurationSource.java:122] - To enable URLs as dynamic configuration sources, define System property archaius.configurationSource.additionalUrls or make config.properties available on classpath.
[${project.name}][${env:SERVER_PORT}] 2021-08-24 15:06:27,101 INFO [main][ExecutorConfigurationSupport.java:171] - Initializing ExecutorService 'applicationTaskExecutor'
[${project.name}][${env:SERVER_PORT}] 2021-08-24 15:06:28,870 INFO [main][EndpointLinksResolver.java:59] - Exposing 2 endpoint(s) beneath base path '/actuator'
[${project.name}][${env:SERVER_PORT}] 2021-08-24 15:06:29,043 INFO [main][InstanceInfoFactory.java:71] - Setting initial instance status as: STARTING
[${project.name}][${env:SERVER_PORT}] 2021-08-24 15:06:29,108 INFO [main][DiscoveryClient.java:349] - Initializing Eureka in region us-east-1
[${project.name}][${env:SERVER_PORT}] 2021-08-24 15:06:30,264 INFO [main][DiscoveryJerseyProvider.java:70] - Using JSON encoding codec LegacyJacksonJson
[${project.name}][${env:SERVER_PORT}] 2021-08-24 15:06:30,265 INFO [main][DiscoveryJerseyProvider.java:71] - Using JSON decoding codec LegacyJacksonJson
[${project.name}][${env:SERVER_PORT}] 2021-08-24 15:06:30,700 INFO [main][DiscoveryJerseyProvider.java:80] - Using XML encoding codec XStreamXml
[${project.name}][${env:SERVER_PORT}] 2021-08-24 15:06:30,702 INFO [main][DiscoveryJerseyProvider.java:81] - Using XML decoding codec XStreamXml
[${project.name}][${env:SERVER_PORT}] 2021-08-24 15:06:31,381 INFO [main][ConfigClusterResolver.java:43] - Resolving eureka endpoints via configuration
[${project.name}][${env:SERVER_PORT}] 2021-08-24 15:06:31,827 INFO [hmilyTransaction-hmily-transaction-self-recovery-40][LogUtil.java:87] - self recovery execute delayTime:60
[${project.name}][${env:SERVER_PORT}] 2021-08-24 15:06:32,069 INFO [main][DiscoveryClient.java:958] - Disable delta property : false
[${project.name}][${env:SERVER_PORT}] 2021-08-24 15:06:32,069 INFO [main][DiscoveryClient.java:959] - Single vip registry refresh property : null
[${project.name}][${env:SERVER_PORT}] 2021-08-24 15:06:32,070 INFO [main][DiscoveryClient.java:960] - Force full registry fetch : false
[${project.name}][${env:SERVER_PORT}] 2021-08-24 15:06:32,070 INFO [main][DiscoveryClient.java:961] - Application is null : false
[${project.name}][${env:SERVER_PORT}] 2021-08-24 15:06:32,071 INFO [main][DiscoveryClient.java:962] - Registered Applications size is zero : true
[${project.name}][${env:SERVER_PORT}] 2021-08-24 15:06:32,071 INFO [main][DiscoveryClient.java:964] - Application version is -1: true
[${project.name}][${env:SERVER_PORT}] 2021-08-24 15:06:32,072 INFO [main][DiscoveryClient.java:1047] - Getting all instance registry info from the eureka server
[${project.name}][${env:SERVER_PORT}] 2021-08-24 15:06:32,583 INFO [main][DiscoveryClient.java:1056] - The response status is 200
[${project.name}][${env:SERVER_PORT}] 2021-08-24 15:06:32,593 INFO [main][DiscoveryClient.java:1270] - Starting heartbeat executor: renew interval is: 30
[${project.name}][${env:SERVER_PORT}] 2021-08-24 15:06:32,599 INFO [main][InstanceInfoReplicator.java:60] - InstanceInfoReplicator onDemand update allowed rate per min is 4
[${project.name}][${env:SERVER_PORT}] 2021-08-24 15:06:32,607 INFO [main][DiscoveryClient.java:449] - Discovery Client initialized at timestamp 1629788792604 with initial instances count: 5
[${project.name}][${env:SERVER_PORT}] 2021-08-24 15:06:32,613 INFO [main][EurekaServiceRegistry.java:42] - Registering application DEPOSITORY-AGENT-SERVICE with eureka with status UP
[${project.name}][${env:SERVER_PORT}] 2021-08-24 15:06:32,615 INFO [main][DiscoveryClient.java:1305] - Saw local status change event StatusChangeEvent [timestamp=1629788792615, current=UP, previous=STARTING]
[${project.name}][${env:SERVER_PORT}] 2021-08-24 15:06:32,622 INFO [DiscoveryClient-InstanceInfoReplicator-0][DiscoveryClient.java:826] - DiscoveryClient_DEPOSITORY-AGENT-SERVICE/depository-agent-service:192.168.1.6:53070: registering service...
[${project.name}][${env:SERVER_PORT}] 2021-08-24 15:06:32,668 INFO [main][DirectJDKLog.java:173] - Starting ProtocolHandler ["http-nio-53070"]
[${project.name}][${env:SERVER_PORT}] 2021-08-24 15:06:32,700 INFO [http-nio-53000-exec-9][AbstractInstanceRegistry.java:266] - Registered instance DEPOSITORY-AGENT-SERVICE/depository-agent-service:192.168.1.6:53070 with status UP (replication=false)
[${project.name}][${env:SERVER_PORT}] 2021-08-24 15:06:32,701 INFO [DiscoveryClient-InstanceInfoReplicator-0][DiscoveryClient.java:835] - DiscoveryClient_DEPOSITORY-AGENT-SERVICE/depository-agent-service:192.168.1.6:53070 - registration status: 204
[${project.name}][${env:SERVER_PORT}] 2021-08-24 15:06:32,708 INFO [main][TomcatWebServer.java:204] - Tomcat started on port(s): 53070 (http) with context path '/depository-agent'
[${project.name}][${env:SERVER_PORT}] 2021-08-24 15:06:32,709 INFO [main][EurekaAutoServiceRegistration.java:141] - Updating port to 53070
[${project.name}][${env:SERVER_PORT}] 2021-08-24 15:06:32,714 INFO [main][StartupInfoLogger.java:59] - Started DepositoryAgentService in 29.756 seconds (JVM running for 34.607)
[${project.name}][${env:SERVER_PORT}] 2021-08-24 15:06:33,211 INFO [http-nio-53000-exec-10][AbstractInstanceRegistry.java:266] - Registered instance DEPOSITORY-AGENT-SERVICE/depository-agent-service:192.168.1.6:53070 with status UP (replication=true)
[${project.name}][${env:SERVER_PORT}] 2021-08-24 15:06:35,047 INFO [Eureka-EvictionTimer][AbstractInstanceRegistry.java:1250] - Running the evict task with compensationTime 0ms
[${project.name}][${env:SERVER_PORT}] 2021-08-24 15:06:43,054 INFO [hmilyTransaction-hmily-transaction-self-recovery-10][LogUtil.java:87] - self recovery execute delayTime:60
[${project.name}][${env:SERVER_PORT}] 2021-08-24 15:06:43,235 INFO [hmilyTransaction-hmily-transaction-self-recovery-20][LogUtil.java:87] - self recovery execute delayTime:60
[${project.name}][${env:SERVER_PORT}] 2021-08-24 15:06:45,048 INFO [Eureka-EvictionTimer][AbstractInstanceRegistry.java:1250] - Running the evict task with compensationTime 0ms
[${project.name}][${env:SERVER_PORT}] 2021-08-24 15:06:52,622 INFO [AsyncResolver-bootstrap-executor-0][ConfigClusterResolver.java:43] - Resolving eureka endpoints via configuration
[${project.name}][${env:SERVER_PORT}] 2021-08-24 15:06:54,089 INFO [hmilyTransaction-hmily-transaction-self-recovery-30][LogUtil.java:87] - self recovery execute delayTime:60
[${project.name}][${env:SERVER_PORT}] 2021-08-24 15:06:55,048 INFO [Eureka-EvictionTimer][AbstractInstanceRegistry.java:1250] - Running the evict task with compensationTime 0ms
[${project.name}][${env:SERVER_PORT}] 2021-08-24 15:07:00,258 INFO [AsyncResolver-bootstrap-executor-0][ConfigClusterResolver.java:43] - Resolving eureka endpoints via configuration
[${project.name}][${env:SERVER_PORT}] 2021-08-24 15:07:02,889 INFO [hmilyTransaction-hmily-transaction-self-recovery-2][LogUtil.java:87] - self recovery execute delayTime:60
[${project.name}][${env:SERVER_PORT}] 2021-08-24 15:07:05,048 INFO [Eureka-EvictionTimer][AbstractInstanceRegistry.java:1250] - Running the evict task with compensationTime 0ms
[${project.name}][${env:SERVER_PORT}] 2021-08-24 15:07:15,049 INFO [Eureka-EvictionTimer][AbstractInstanceRegistry.java:1250] - Running the evict task with compensationTime 0ms
[${project.name}][${env:SERVER_PORT}] 2021-08-24 15:07:25,049 INFO [Eureka-EvictionTimer][AbstractInstanceRegistry.java:1250] - Running the evict task with compensationTime 0ms
[${project.name}][${env:SERVER_PORT}] 2021-08-24 15:07:31,830 INFO [hmilyTransaction-hmily-transaction-self-recovery-40][LogUtil.java:87] - self recovery execute delayTime:60
[${project.name}][${env:SERVER_PORT}] 2021-08-24 15:07:35,049 INFO [Eureka-EvictionTimer][AbstractInstanceRegistry.java:1250] - Running the evict task with compensationTime 0ms
[${project.name}][${env:SERVER_PORT}] 2021-08-24 15:07:36,762 INFO [AsyncResolver-bootstrap-executor-0][ConfigClusterResolver.java:43] - Resolving eureka endpoints via configuration
[${project.name}][${env:SERVER_PORT}] 2021-08-24 15:07:43,057 INFO [hmilyTransaction-hmily-transaction-self-recovery-10][LogUtil.java:87] - self recovery execute delayTime:60
[${project.name}][${env:SERVER_PORT}] 2021-08-24 15:07:43,236 INFO [hmilyTransaction-hmily-transaction-self-recovery-20][LogUtil.java:87] - self recovery execute delayTime:60
[${project.name}][${env:SERVER_PORT}] 2021-08-24 15:07:45,049 INFO [Eureka-EvictionTimer][AbstractInstanceRegistry.java:1250] - Running the evict task with compensationTime 0ms
[${project.name}][${env:SERVER_PORT}] 2021-08-24 15:07:54,090 INFO [hmilyTransaction-hmily-transaction-self-recovery-30][LogUtil.java:87] - self recovery execute delayTime:60
[${project.name}][${env:SERVER_PORT}] 2021-08-24 15:07:55,050 INFO [Eureka-EvictionTimer][AbstractInstanceRegistry.java:1250] - Running the evict task with compensationTime 0ms
[${project.name}][${env:SERVER_PORT}] 2021-08-24 15:08:02,893 INFO [hmilyTransaction-hmily-transaction-self-recovery-2][LogUtil.java:87] - self recovery execute delayTime:60
[${project.name}][${env:SERVER_PORT}] 2021-08-24 15:08:05,050 INFO [Eureka-EvictionTimer][AbstractInstanceRegistry.java:1250] - Running the evict task with compensationTime 0ms
[${project.name}][${env:SERVER_PORT}] 2021-08-24 15:08:15,050 INFO [Eureka-EvictionTimer][AbstractInstanceRegistry.java:1250] - Running the evict task with compensationTime 0ms
[${project.name}][${env:SERVER_PORT}] 2021-08-24 15:08:25,050 INFO [Eureka-EvictionTimer][AbstractInstanceRegistry.java:1250] - Running the evict task with compensationTime 0ms
[${project.name}][${env:SERVER_PORT}] 2021-08-24 15:08:31,832 INFO [hmilyTransaction-hmily-transaction-self-recovery-40][LogUtil.java:87] - self recovery execute delayTime:60
[${project.name}][${env:SERVER_PORT}] 2021-08-24 15:08:35,051 INFO [Eureka-EvictionTimer][AbstractInstanceRegistry.java:1250] - Running the evict task with compensationTime 0ms
[${project.name}][${env:SERVER_PORT}] 2021-08-24 15:08:39,863 INFO [http-nio-53070-exec-1][DirectJDKLog.java:173] - Initializing Spring DispatcherServlet 'dispatcherServlet'
[${project.name}][${env:SERVER_PORT}] 2021-08-24 15:08:39,864 INFO [http-nio-53070-exec-1][FrameworkServlet.java:524] - Initializing Servlet 'dispatcherServlet'
[${project.name}][${env:SERVER_PORT}] 2021-08-24 15:08:39,895 INFO [http-nio-53070-exec-1][FrameworkServlet.java:546] - Completed initialization in 30 ms
[${project.name}][${env:SERVER_PORT}] 2021-08-24 15:08:43,058 INFO [hmilyTransaction-hmily-transaction-self-recovery-10][LogUtil.java:87] - self recovery execute delayTime:60
[${project.name}][${env:SERVER_PORT}] 2021-08-24 15:08:43,239 INFO [hmilyTransaction-hmily-transaction-self-recovery-20][LogUtil.java:87] - self recovery execute delayTime:60
[${project.name}][${env:SERVER_PORT}] 2021-08-24 15:08:45,051 INFO [Eureka-EvictionTimer][AbstractInstanceRegistry.java:1250] - Running the evict task with compensationTime 0ms
[${project.name}][${env:SERVER_PORT}] 2021-08-24 15:08:54,093 INFO [hmilyTransaction-hmily-transaction-self-recovery-30][LogUtil.java:87] - self recovery execute delayTime:60
[${project.name}][${env:SERVER_PORT}] 2021-08-24 15:08:55,051 INFO [Eureka-EvictionTimer][AbstractInstanceRegistry.java:1250] - Running the evict task with compensationTime 0ms
[${project.name}][${env:SERVER_PORT}] 2021-08-24 15:09:02,895 INFO [hmilyTransaction-hmily-transaction-self-recovery-2][LogUtil.java:87] - self recovery execute delayTime:60
[${project.name}][${env:SERVER_PORT}] 2021-08-24 15:09:05,051 INFO [Eureka-EvictionTimer][AbstractInstanceRegistry.java:1250] - Running the evict task with compensationTime 0ms
[${project.name}][${env:SERVER_PORT}] 2021-08-24 15:09:06,268 DEBUG [ConsumeMessageThread_1][BaseJdbcLogger.java:159] - ==>  Preparing: SELECT ID,USERNAME,FULLNAME,ID_NUMBER,USER_NO,MOBILE,USER_TYPE,ROLE,AUTH_LIST,IS_BIND_CARD,STATUS,LOAN_AMOUNT,REQUEST_NO FROM consumer WHERE REQUEST_NO = ? 
[${project.name}][${env:SERVER_PORT}] 2021-08-24 15:09:06,293 DEBUG [ConsumeMessageThread_1][BaseJdbcLogger.java:159] - ==> Parameters: REQ_AEC76F64068744C29517F3E28F60D710(String)
[${project.name}][${env:SERVER_PORT}] 2021-08-24 15:09:06,296 DEBUG [ConsumeMessageThread_1][BaseJdbcLogger.java:159] - <==      Total: 1
[${project.name}][${env:SERVER_PORT}] 2021-08-24 15:09:06,325 DEBUG [ConsumeMessageThread_1][BaseJdbcLogger.java:159] - ==>  Preparing: UPDATE consumer SET IS_BIND_CARD=?,STATUS=? WHERE ID = ? 
[${project.name}][${env:SERVER_PORT}] 2021-08-24 15:09:06,331 DEBUG [ConsumeMessageThread_1][BaseJdbcLogger.java:159] - ==> Parameters: 1(Integer), 1(Integer), 57(Long)
[${project.name}][${env:SERVER_PORT}] 2021-08-24 15:09:06,334 DEBUG [ConsumeMessageThread_1][BaseJdbcLogger.java:159] - <==    Updates: 1
[${project.name}][${env:SERVER_PORT}] 2021-08-24 15:09:06,378 DEBUG [ConsumeMessageThread_1][BaseJdbcLogger.java:159] - ==>  Preparing: UPDATE bank_card SET STATUS=?,BANK_CODE=?,BANK_NAME=? WHERE CONSUMER_ID = ? 
[${project.name}][${env:SERVER_PORT}] 2021-08-24 15:09:06,379 DEBUG [ConsumeMessageThread_1][BaseJdbcLogger.java:159] - ==> Parameters: 1(Integer), CMB(String), 招商银行(String), 57(Long)
[${project.name}][${env:SERVER_PORT}] 2021-08-24 15:09:06,382 DEBUG [ConsumeMessageThread_1][BaseJdbcLogger.java:159] - <==    Updates: 1
[${project.name}][${env:SERVER_PORT}] 2021-08-24 15:09:15,052 INFO [Eureka-EvictionTimer][AbstractInstanceRegistry.java:1250] - Running the evict task with compensationTime 0ms
[${project.name}][${env:SERVER_PORT}] 2021-08-24 15:09:25,052 INFO [Eureka-EvictionTimer][AbstractInstanceRegistry.java:1250] - Running the evict task with compensationTime 0ms
[${project.name}][${env:SERVER_PORT}] 2021-08-24 15:09:31,835 INFO [hmilyTransaction-hmily-transaction-self-recovery-40][LogUtil.java:87] - self recovery execute delayTime:60
[${project.name}][${env:SERVER_PORT}] 2021-08-24 15:09:35,052 INFO [Eureka-EvictionTimer][AbstractInstanceRegistry.java:1250] - Running the evict task with compensationTime 0ms
[${project.name}][${env:SERVER_PORT}] 2021-08-24 15:09:43,060 INFO [hmilyTransaction-hmily-transaction-self-recovery-10][LogUtil.java:87] - self recovery execute delayTime:60
[${project.name}][${env:SERVER_PORT}] 2021-08-24 15:09:43,242 INFO [hmilyTransaction-hmily-transaction-self-recovery-20][LogUtil.java:87] - self recovery execute delayTime:60
[${project.name}][${env:SERVER_PORT}] 2021-08-24 15:09:45,053 INFO [Eureka-EvictionTimer][AbstractInstanceRegistry.java:1250] - Running the evict task with compensationTime 1ms
[${project.name}][${env:SERVER_PORT}] 2021-08-24 15:09:49,490 WARN [Apollo-RemoteConfigRepository-1][RemoteConfigRepository.java:194] - Load config failed, will retry in 1 SECONDS. appId: uaa-service, cluster: DEFAULT, namespaces: micro_service.spring-cloud-feign
[${project.name}][${env:SERVER_PORT}] 2021-08-24 15:09:50,498 WARN [Apollo-RemoteConfigRepository-1][AbstractConfigRepository.java:26] - Sync config failed, will retry. Repository class com.ctrip.framework.apollo.internals.RemoteConfigRepository, reason: Load Apollo Config failed - appId: uaa-service, cluster: DEFAULT, namespace: micro_service.spring-cloud-feign, url: http://192.168.1.6:8080/configs/uaa-service/DEFAULT/micro_service.spring-cloud-feign?ip=192.168.1.6&messages=%7B%22details%22%3A%7B%22uaa-service%2Bdefault%2Bmicro_service.spring-cloud-feign%22%3A313%2C%22common-template%2Bdefault%2Bmicro_service.spring-cloud-feign%22%3A403%7D%7D [Cause: [status code: 404] Could not find config for namespace - appId: uaa-service, cluster: DEFAULT, namespace: micro_service.spring-cloud-feign, please check whether the configs are released in Apollo!]
[${project.name}][${env:SERVER_PORT}] 2021-08-24 15:09:54,096 INFO [hmilyTransaction-hmily-transaction-self-recovery-30][LogUtil.java:87] - self recovery execute delayTime:60
[${project.name}][${env:SERVER_PORT}] 2021-08-24 15:09:55,054 INFO [Eureka-EvictionTimer][AbstractInstanceRegistry.java:1250] - Running the evict task with compensationTime 0ms
[${project.name}][${env:SERVER_PORT}] 2021-08-24 15:10:02,898 INFO [hmilyTransaction-hmily-transaction-self-recovery-2][LogUtil.java:87] - self recovery execute delayTime:60
[${project.name}][${env:SERVER_PORT}] 2021-08-24 15:10:05,054 INFO [Eureka-EvictionTimer][AbstractInstanceRegistry.java:1250] - Running the evict task with compensationTime 0ms
[${project.name}][${env:SERVER_PORT}] 2021-08-24 15:10:09,612 INFO [AsyncResolver-bootstrap-executor-0][ConfigClusterResolver.java:43] - Resolving eureka endpoints via configuration
[${project.name}][${env:SERVER_PORT}] 2021-08-24 15:10:15,054 INFO [Eureka-EvictionTimer][AbstractInstanceRegistry.java:1250] - Running the evict task with compensationTime 0ms
[${project.name}][${env:SERVER_PORT}] 2021-08-24 15:10:25,054 INFO [Eureka-EvictionTimer][AbstractInstanceRegistry.java:1250] - Running the evict task with compensationTime 0ms
[${project.name}][${env:SERVER_PORT}] 2021-08-24 15:10:31,836 INFO [hmilyTransaction-hmily-transaction-self-recovery-40][LogUtil.java:87] - self recovery execute delayTime:60
[${project.name}][${env:SERVER_PORT}] 2021-08-24 15:10:32,188 INFO [ReplicaAwareInstanceRegistry - RenewalThresholdUpdater][PeerAwareInstanceRegistryImpl.java:539] - Current renewal threshold is : 0
[${project.name}][${env:SERVER_PORT}] 2021-08-24 15:10:35,055 INFO [Eureka-EvictionTimer][AbstractInstanceRegistry.java:1250] - Running the evict task with compensationTime 0ms
[${project.name}][${env:SERVER_PORT}] 2021-08-24 15:10:41,795 INFO [NettyClientSelector_1][Slf4jLoggerFactory.java:95] - closeChannel: close the connection to remote address[192.168.25.1:10909] result: true
[${project.name}][${env:SERVER_PORT}] 2021-08-24 15:10:43,062 INFO [hmilyTransaction-hmily-transaction-self-recovery-10][LogUtil.java:87] - self recovery execute delayTime:60
[${project.name}][${env:SERVER_PORT}] 2021-08-24 15:10:43,244 INFO [hmilyTransaction-hmily-transaction-self-recovery-20][LogUtil.java:87] - self recovery execute delayTime:60
[${project.name}][${env:SERVER_PORT}] 2021-08-24 15:10:45,055 INFO [Eureka-EvictionTimer][AbstractInstanceRegistry.java:1250] - Running the evict task with compensationTime 0ms
[${project.name}][${env:SERVER_PORT}] 2021-08-24 15:10:54,099 INFO [hmilyTransaction-hmily-transaction-self-recovery-30][LogUtil.java:87] - self recovery execute delayTime:60
[${project.name}][${env:SERVER_PORT}] 2021-08-24 15:10:55,055 INFO [Eureka-EvictionTimer][AbstractInstanceRegistry.java:1250] - Running the evict task with compensationTime 0ms
[${project.name}][${env:SERVER_PORT}] 2021-08-24 15:11:02,901 INFO [hmilyTransaction-hmily-transaction-self-recovery-2][LogUtil.java:87] - self recovery execute delayTime:60
[${project.name}][${env:SERVER_PORT}] 2021-08-24 15:11:05,056 INFO [Eureka-EvictionTimer][AbstractInstanceRegistry.java:1250] - Running the evict task with compensationTime 0ms
[${project.name}][${env:SERVER_PORT}] 2021-08-24 15:11:09,525 WARN [Apollo-RemoteConfigRepository-1][RemoteConfigRepository.java:194] - Load config failed, will retry in 1 SECONDS. appId: depository-agent-service, cluster: DEFAULT, namespaces: micro_service.spring-cloud-feign
[${project.name}][${env:SERVER_PORT}] 2021-08-24 15:11:10,533 WARN [Apollo-RemoteConfigRepository-1][AbstractConfigRepository.java:26] - Sync config failed, will retry. Repository class com.ctrip.framework.apollo.internals.RemoteConfigRepository, reason: Load Apollo Config failed - appId: depository-agent-service, cluster: DEFAULT, namespace: micro_service.spring-cloud-feign, url: http://192.168.1.6:8080/configs/depository-agent-service/DEFAULT/micro_service.spring-cloud-feign?ip=192.168.1.6&messages=%7B%22details%22%3A%7B%22common-template%2Bdefault%2Bmicro_service.spring-cloud-feign%22%3A403%2C%22depository-agent-service%2Bdefault%2Bmicro_service.spring-cloud-feign%22%3A349%7D%7D [Cause: [status code: 404] Could not find config for namespace - appId: depository-agent-service, cluster: DEFAULT, namespace: micro_service.spring-cloud-feign, please check whether the configs are released in Apollo!]
[${project.name}][${env:SERVER_PORT}] 2021-08-24 15:11:15,056 INFO [Eureka-EvictionTimer][AbstractInstanceRegistry.java:1250] - Running the evict task with compensationTime 0ms
[${project.name}][${env:SERVER_PORT}] 2021-08-24 15:11:25,056 INFO [Eureka-EvictionTimer][AbstractInstanceRegistry.java:1250] - Running the evict task with compensationTime 0ms
[${project.name}][${env:SERVER_PORT}] 2021-08-24 15:11:31,840 INFO [hmilyTransaction-hmily-transaction-self-recovery-40][LogUtil.java:87] - self recovery execute delayTime:60
[${project.name}][${env:SERVER_PORT}] 2021-08-24 15:11:32,077 INFO [AsyncResolver-bootstrap-executor-0][ConfigClusterResolver.java:43] - Resolving eureka endpoints via configuration
[${project.name}][${env:SERVER_PORT}] 2021-08-24 15:11:35,056 INFO [Eureka-EvictionTimer][AbstractInstanceRegistry.java:1250] - Running the evict task with compensationTime 0ms
[${project.name}][${env:SERVER_PORT}] 2021-08-24 15:11:43,066 INFO [hmilyTransaction-hmily-transaction-self-recovery-10][LogUtil.java:87] - self recovery execute delayTime:60
[${project.name}][${env:SERVER_PORT}] 2021-08-24 15:11:43,246 INFO [hmilyTransaction-hmily-transaction-self-recovery-20][LogUtil.java:87] - self recovery execute delayTime:60
[${project.name}][${env:SERVER_PORT}] 2021-08-24 15:11:45,057 INFO [Eureka-EvictionTimer][AbstractInstanceRegistry.java:1250] - Running the evict task with compensationTime 0ms
[${project.name}][${env:SERVER_PORT}] 2021-08-24 15:11:52,623 INFO [AsyncResolver-bootstrap-executor-0][ConfigClusterResolver.java:43] - Resolving eureka endpoints via configuration
[${project.name}][${env:SERVER_PORT}] 2021-08-24 15:11:54,101 INFO [hmilyTransaction-hmily-transaction-self-recovery-30][LogUtil.java:87] - self recovery execute delayTime:60
[${project.name}][${env:SERVER_PORT}] 2021-08-24 15:11:55,057 INFO [Eureka-EvictionTimer][AbstractInstanceRegistry.java:1250] - Running the evict task with compensationTime 0ms
[${project.name}][${env:SERVER_PORT}] 2021-08-24 15:12:00,260 INFO [AsyncResolver-bootstrap-executor-0][ConfigClusterResolver.java:43] - Resolving eureka endpoints via configuration
[${project.name}][${env:SERVER_PORT}] 2021-08-24 15:12:02,903 INFO [hmilyTransaction-hmily-transaction-self-recovery-2][LogUtil.java:87] - self recovery execute delayTime:60
[${project.name}][${env:SERVER_PORT}] 2021-08-24 15:12:05,057 INFO [Eureka-EvictionTimer][AbstractInstanceRegistry.java:1250] - Running the evict task with compensationTime 0ms
[${project.name}][${env:SERVER_PORT}] 2021-08-24 15:12:15,057 INFO [Eureka-EvictionTimer][AbstractInstanceRegistry.java:1250] - Running the evict task with compensationTime 0ms
[${project.name}][${env:SERVER_PORT}] 2021-08-24 15:12:25,058 INFO [Eureka-EvictionTimer][AbstractInstanceRegistry.java:1250] - Running the evict task with compensationTime 0ms
[${project.name}][${env:SERVER_PORT}] 2021-08-24 15:12:31,842 INFO [hmilyTransaction-hmily-transaction-self-recovery-40][LogUtil.java:87] - self recovery execute delayTime:60
[${project.name}][${env:SERVER_PORT}] 2021-08-24 15:12:35,058 INFO [Eureka-EvictionTimer][AbstractInstanceRegistry.java:1250] - Running the evict task with compensationTime 0ms
[${project.name}][${env:SERVER_PORT}] 2021-08-24 15:12:36,764 INFO [AsyncResolver-bootstrap-executor-0][ConfigClusterResolver.java:43] - Resolving eureka endpoints via configuration
[${project.name}][${env:SERVER_PORT}] 2021-08-24 15:12:43,069 INFO [hmilyTransaction-hmily-transaction-self-recovery-10][LogUtil.java:87] - self recovery execute delayTime:60
[${project.name}][${env:SERVER_PORT}] 2021-08-24 15:12:43,248 INFO [hmilyTransaction-hmily-transaction-self-recovery-20][LogUtil.java:87] - self recovery execute delayTime:60
[${project.name}][${env:SERVER_PORT}] 2021-08-24 15:12:45,058 INFO [Eureka-EvictionTimer][AbstractInstanceRegistry.java:1250] - Running the evict task with compensationTime 0ms
[${project.name}][${env:SERVER_PORT}] 2021-08-24 15:12:54,104 INFO [hmilyTransaction-hmily-transaction-self-recovery-30][LogUtil.java:87] - self recovery execute delayTime:60
[${project.name}][${env:SERVER_PORT}] 2021-08-24 15:12:54,218 DEBUG [http-nio-53050-exec-8][BaseJdbcLogger.java:159] - ==>  Preparing: SELECT ID,USERNAME,FULLNAME,ID_NUMBER,USER_NO,MOBILE,USER_TYPE,ROLE,AUTH_LIST,IS_BIND_CARD,STATUS,LOAN_AMOUNT,REQUEST_NO FROM consumer WHERE MOBILE = ? 
[${project.name}][${env:SERVER_PORT}] 2021-08-24 15:12:54,219 DEBUG [http-nio-53050-exec-8][BaseJdbcLogger.java:159] - ==> Parameters: 15235923572(String)
[${project.name}][${env:SERVER_PORT}] 2021-08-24 15:12:54,222 DEBUG [http-nio-53050-exec-8][BaseJdbcLogger.java:159] - <==      Total: 1
[${project.name}][${env:SERVER_PORT}] 2021-08-24 15:12:55,058 INFO [Eureka-EvictionTimer][AbstractInstanceRegistry.java:1250] - Running the evict task with compensationTime 0ms
[${project.name}][${env:SERVER_PORT}] 2021-08-24 15:13:02,905 INFO [hmilyTransaction-hmily-transaction-self-recovery-2][LogUtil.java:87] - self recovery execute delayTime:60
[${project.name}][${env:SERVER_PORT}] 2021-08-24 15:13:05,059 INFO [Eureka-EvictionTimer][AbstractInstanceRegistry.java:1250] - Running the evict task with compensationTime 0ms
[${project.name}][${env:SERVER_PORT}] 2021-08-24 15:13:15,059 INFO [Eureka-EvictionTimer][AbstractInstanceRegistry.java:1250] - Running the evict task with compensationTime 0ms
[${project.name}][${env:SERVER_PORT}] 2021-08-24 15:13:25,059 INFO [Eureka-EvictionTimer][AbstractInstanceRegistry.java:1250] - Running the evict task with compensationTime 0ms
[${project.name}][${env:SERVER_PORT}] 2021-08-24 15:13:31,846 INFO [hmilyTransaction-hmily-transaction-self-recovery-40][LogUtil.java:87] - self recovery execute delayTime:60
[${project.name}][${env:SERVER_PORT}] 2021-08-24 15:13:35,059 INFO [Eureka-EvictionTimer][AbstractInstanceRegistry.java:1250] - Running the evict task with compensationTime 0ms
[${project.name}][${env:SERVER_PORT}] 2021-08-24 15:13:43,076 INFO [hmilyTransaction-hmily-transaction-self-recovery-10][LogUtil.java:87] - self recovery execute delayTime:60
[${project.name}][${env:SERVER_PORT}] 2021-08-24 15:13:43,250 INFO [hmilyTransaction-hmily-transaction-self-recovery-20][LogUtil.java:87] - self recovery execute delayTime:60
[${project.name}][${env:SERVER_PORT}] 2021-08-24 15:13:45,060 INFO [Eureka-EvictionTimer][AbstractInstanceRegistry.java:1250] - Running the evict task with compensationTime 0ms
[${project.name}][${env:SERVER_PORT}] 2021-08-24 15:13:54,107 INFO [hmilyTransaction-hmily-transaction-self-recovery-30][LogUtil.java:87] - self recovery execute delayTime:60
[${project.name}][${env:SERVER_PORT}] 2021-08-24 15:13:55,060 INFO [Eureka-EvictionTimer][AbstractInstanceRegistry.java:1250] - Running the evict task with compensationTime 0ms
[${project.name}][${env:SERVER_PORT}] 2021-08-24 15:14:02,912 INFO [hmilyTransaction-hmily-transaction-self-recovery-2][LogUtil.java:87] - self recovery execute delayTime:60
[${project.name}][${env:SERVER_PORT}] 2021-08-24 15:14:05,060 INFO [Eureka-EvictionTimer][AbstractInstanceRegistry.java:1250] - Running the evict task with compensationTime 0ms
[${project.name}][${env:SERVER_PORT}] 2021-08-24 15:14:15,060 INFO [Eureka-EvictionTimer][AbstractInstanceRegistry.java:1250] - Running the evict task with compensationTime 0ms
[${project.name}][${env:SERVER_PORT}] 2021-08-24 15:14:25,061 INFO [Eureka-EvictionTimer][AbstractInstanceRegistry.java:1250] - Running the evict task with compensationTime 0ms
[${project.name}][${env:SERVER_PORT}] 2021-08-24 15:14:31,851 INFO [hmilyTransaction-hmily-transaction-self-recovery-40][LogUtil.java:87] - self recovery execute delayTime:60
[${project.name}][${env:SERVER_PORT}] 2021-08-24 15:14:35,061 INFO [Eureka-EvictionTimer][AbstractInstanceRegistry.java:1250] - Running the evict task with compensationTime 0ms
[${project.name}][${env:SERVER_PORT}] 2021-08-24 15:14:41,900 DEBUG [ConsumeMessageThread_2][BaseJdbcLogger.java:159] - ==>  Preparing: SELECT ID,USERNAME,FULLNAME,ID_NUMBER,USER_NO,MOBILE,USER_TYPE,ROLE,AUTH_LIST,IS_BIND_CARD,STATUS,LOAN_AMOUNT,REQUEST_NO FROM consumer WHERE REQUEST_NO = ? 
[${project.name}][${env:SERVER_PORT}] 2021-08-24 15:14:41,901 DEBUG [ConsumeMessageThread_2][BaseJdbcLogger.java:159] - ==> Parameters: REQ_AEC76F64068744C29517F3E28F60D710(String)
[${project.name}][${env:SERVER_PORT}] 2021-08-24 15:14:41,905 DEBUG [ConsumeMessageThread_2][BaseJdbcLogger.java:159] - <==      Total: 1
[${project.name}][${env:SERVER_PORT}] 2021-08-24 15:14:41,907 DEBUG [ConsumeMessageThread_2][BaseJdbcLogger.java:159] - ==>  Preparing: UPDATE consumer SET IS_BIND_CARD=?,STATUS=? WHERE ID = ? 
[${project.name}][${env:SERVER_PORT}] 2021-08-24 15:14:41,909 DEBUG [ConsumeMessageThread_2][BaseJdbcLogger.java:159] - ==> Parameters: 1(Integer), 1(Integer), 57(Long)
[${project.name}][${env:SERVER_PORT}] 2021-08-24 15:14:41,912 DEBUG [ConsumeMessageThread_2][BaseJdbcLogger.java:159] - <==    Updates: 1
[${project.name}][${env:SERVER_PORT}] 2021-08-24 15:14:41,915 DEBUG [ConsumeMessageThread_2][BaseJdbcLogger.java:159] - ==>  Preparing: UPDATE bank_card SET STATUS=?,BANK_CODE=?,BANK_NAME=? WHERE CONSUMER_ID = ? 
[${project.name}][${env:SERVER_PORT}] 2021-08-24 15:14:41,916 DEBUG [ConsumeMessageThread_2][BaseJdbcLogger.java:159] - ==> Parameters: 1(Integer), CMB(String), 招商银行(String), 57(Long)
[${project.name}][${env:SERVER_PORT}] 2021-08-24 15:14:41,918 DEBUG [ConsumeMessageThread_2][BaseJdbcLogger.java:159] - <==    Updates: 1
[${project.name}][${env:SERVER_PORT}] 2021-08-24 15:14:43,080 INFO [hmilyTransaction-hmily-transaction-self-recovery-10][LogUtil.java:87] - self recovery execute delayTime:60
[${project.name}][${env:SERVER_PORT}] 2021-08-24 15:14:43,253 INFO [hmilyTransaction-hmily-transaction-self-recovery-20][LogUtil.java:87] - self recovery execute delayTime:60
[${project.name}][${env:SERVER_PORT}] 2021-08-24 15:14:45,064 INFO [Eureka-EvictionTimer][AbstractInstanceRegistry.java:1250] - Running the evict task with compensationTime 3ms
[${project.name}][${env:SERVER_PORT}] 2021-08-24 15:14:49,492 WARN [Apollo-RemoteConfigRepository-1][RemoteConfigRepository.java:194] - Load config failed, will retry in 1 SECONDS. appId: uaa-service, cluster: DEFAULT, namespaces: micro_service.spring-cloud-feign
[${project.name}][${env:SERVER_PORT}] 2021-08-24 15:14:50,499 WARN [Apollo-RemoteConfigRepository-1][AbstractConfigRepository.java:26] - Sync config failed, will retry. Repository class com.ctrip.framework.apollo.internals.RemoteConfigRepository, reason: Load Apollo Config failed - appId: uaa-service, cluster: DEFAULT, namespace: micro_service.spring-cloud-feign, url: http://192.168.1.6:8080/configs/uaa-service/DEFAULT/micro_service.spring-cloud-feign?ip=192.168.1.6&messages=%7B%22details%22%3A%7B%22uaa-service%2Bdefault%2Bmicro_service.spring-cloud-feign%22%3A313%2C%22common-template%2Bdefault%2Bmicro_service.spring-cloud-feign%22%3A403%7D%7D [Cause: [status code: 404] Could not find config for namespace - appId: uaa-service, cluster: DEFAULT, namespace: micro_service.spring-cloud-feign, please check whether the configs are released in Apollo!]
[${project.name}][${env:SERVER_PORT}] 2021-08-24 15:14:54,112 INFO [hmilyTransaction-hmily-transaction-self-recovery-30][LogUtil.java:87] - self recovery execute delayTime:60
[${project.name}][${env:SERVER_PORT}] 2021-08-24 15:14:55,065 INFO [Eureka-EvictionTimer][AbstractInstanceRegistry.java:1250] - Running the evict task with compensationTime 0ms
[${project.name}][${env:SERVER_PORT}] 2021-08-24 15:15:02,920 INFO [hmilyTransaction-hmily-transaction-self-recovery-2][LogUtil.java:87] - self recovery execute delayTime:60
[${project.name}][${env:SERVER_PORT}] 2021-08-24 15:15:05,065 INFO [Eureka-EvictionTimer][AbstractInstanceRegistry.java:1250] - Running the evict task with compensationTime 0ms
[${project.name}][${env:SERVER_PORT}] 2021-08-24 15:15:09,617 INFO [AsyncResolver-bootstrap-executor-0][ConfigClusterResolver.java:43] - Resolving eureka endpoints via configuration
[${project.name}][${env:SERVER_PORT}] 2021-08-24 15:15:15,065 INFO [Eureka-EvictionTimer][AbstractInstanceRegistry.java:1250] - Running the evict task with compensationTime 0ms
[${project.name}][${env:SERVER_PORT}] 2021-08-24 15:15:25,065 INFO [Eureka-EvictionTimer][AbstractInstanceRegistry.java:1250] - Running the evict task with compensationTime 0ms
[${project.name}][${env:SERVER_PORT}] 2021-08-24 15:15:31,857 INFO [hmilyTransaction-hmily-transaction-self-recovery-40][LogUtil.java:87] - self recovery execute delayTime:60
[${project.name}][${env:SERVER_PORT}] 2021-08-24 15:15:35,066 INFO [Eureka-EvictionTimer][AbstractInstanceRegistry.java:1250] - Running the evict task with compensationTime 0ms
[${project.name}][${env:SERVER_PORT}] 2021-08-24 15:15:43,081 INFO [hmilyTransaction-hmily-transaction-self-recovery-10][LogUtil.java:87] - self recovery execute delayTime:60
[${project.name}][${env:SERVER_PORT}] 2021-08-24 15:15:43,256 INFO [hmilyTransaction-hmily-transaction-self-recovery-20][LogUtil.java:87] - self recovery execute delayTime:60
[${project.name}][${env:SERVER_PORT}] 2021-08-24 15:15:45,066 INFO [Eureka-EvictionTimer][AbstractInstanceRegistry.java:1250] - Running the evict task with compensationTime 0ms
[${project.name}][${env:SERVER_PORT}] 2021-08-24 15:15:48,235 DEBUG [http-nio-53050-exec-7][BaseJdbcLogger.java:159] - ==>  Preparing: SELECT ID,USERNAME,FULLNAME,ID_NUMBER,USER_NO,MOBILE,USER_TYPE,ROLE,AUTH_LIST,IS_BIND_CARD,STATUS,LOAN_AMOUNT,REQUEST_NO FROM consumer WHERE MOBILE = ? 
[${project.name}][${env:SERVER_PORT}] 2021-08-24 15:15:48,236 DEBUG [http-nio-53050-exec-7][BaseJdbcLogger.java:159] - ==> Parameters: 13453963968(String)
[${project.name}][${env:SERVER_PORT}] 2021-08-24 15:15:48,240 DEBUG [http-nio-53050-exec-7][BaseJdbcLogger.java:159] - <==      Total: 1
[${project.name}][${env:SERVER_PORT}] 2021-08-24 15:15:48,245 DEBUG [http-nio-53050-exec-7][BaseJdbcLogger.java:159] - ==>  Preparing: SELECT ID,CONSUMER_ID,BANK_CODE,BANK_NAME,CARD_NUMBER,MOBILE,STATUS FROM bank_card WHERE CARD_NUMBER = ? 
[${project.name}][${env:SERVER_PORT}] 2021-08-24 15:15:48,246 DEBUG [http-nio-53050-exec-7][BaseJdbcLogger.java:159] - ==> Parameters: 315972199001067952(String)
[${project.name}][${env:SERVER_PORT}] 2021-08-24 15:15:48,249 DEBUG [http-nio-53050-exec-7][BaseJdbcLogger.java:159] - <==      Total: 0
[${project.name}][${env:SERVER_PORT}] 2021-08-24 15:15:48,263 DEBUG [http-nio-53050-exec-7][BaseJdbcLogger.java:159] - ==>  Preparing: UPDATE consumer SET FULLNAME=?,ID_NUMBER=?,AUTH_LIST=?,REQUEST_NO=?,USER_NO=? WHERE MOBILE = ? 
[${project.name}][${env:SERVER_PORT}] 2021-08-24 15:15:48,263 DEBUG [http-nio-53050-exec-7][BaseJdbcLogger.java:159] - ==> Parameters: 樊引霞(String), 315972199001067952(String), ALL(String), REQ_2087B416EA024634B604D6B4013B78D9(String), USR_863C2B053769488DAB7FEF63D8A5E5B3(String), 13453963968(String)
[${project.name}][${env:SERVER_PORT}] 2021-08-24 15:15:48,268 DEBUG [http-nio-53050-exec-7][BaseJdbcLogger.java:159] - <==    Updates: 1
[${project.name}][${env:SERVER_PORT}] 2021-08-24 15:15:48,271 DEBUG [http-nio-53050-exec-7][BaseJdbcLogger.java:159] - ==>  Preparing: SELECT ID,CONSUMER_ID,BANK_CODE,BANK_NAME,CARD_NUMBER,MOBILE,STATUS FROM bank_card WHERE CONSUMER_ID = ? 
[${project.name}][${env:SERVER_PORT}] 2021-08-24 15:15:48,272 DEBUG [http-nio-53050-exec-7][BaseJdbcLogger.java:159] - ==> Parameters: 58(Long)
[${project.name}][${env:SERVER_PORT}] 2021-08-24 15:15:48,274 DEBUG [http-nio-53050-exec-7][BaseJdbcLogger.java:159] - <==      Total: 1
[${project.name}][${env:SERVER_PORT}] 2021-08-24 15:15:48,276 DEBUG [http-nio-53050-exec-7][BaseJdbcLogger.java:159] - ==>  Preparing: SELECT ID,CONSUMER_ID,BANK_CODE,BANK_NAME,CARD_NUMBER,MOBILE,STATUS FROM bank_card WHERE ID=? 
[${project.name}][${env:SERVER_PORT}] 2021-08-24 15:15:48,277 DEBUG [http-nio-53050-exec-7][BaseJdbcLogger.java:159] - ==> Parameters: 2(Long)
[${project.name}][${env:SERVER_PORT}] 2021-08-24 15:15:48,278 DEBUG [http-nio-53050-exec-7][BaseJdbcLogger.java:159] - <==      Total: 1
[${project.name}][${env:SERVER_PORT}] 2021-08-24 15:15:48,279 DEBUG [http-nio-53050-exec-7][BaseJdbcLogger.java:159] - ==>  Preparing: UPDATE bank_card SET CONSUMER_ID=?, CARD_NUMBER=?, MOBILE=?, STATUS=? WHERE ID=? 
[${project.name}][${env:SERVER_PORT}] 2021-08-24 15:15:48,280 DEBUG [http-nio-53050-exec-7][BaseJdbcLogger.java:159] - ==> Parameters: 58(Long), 6227521725281900(String), 13453963968(String), 0(Integer), 2(Long)
[${project.name}][${env:SERVER_PORT}] 2021-08-24 15:15:48,284 DEBUG [http-nio-53050-exec-7][BaseJdbcLogger.java:159] - <==    Updates: 1
[${project.name}][${env:SERVER_PORT}] 2021-08-24 15:15:54,116 INFO [hmilyTransaction-hmily-transaction-self-recovery-30][LogUtil.java:87] - self recovery execute delayTime:60
[${project.name}][${env:SERVER_PORT}] 2021-08-24 15:15:55,066 INFO [Eureka-EvictionTimer][AbstractInstanceRegistry.java:1250] - Running the evict task with compensationTime 0ms
[${project.name}][${env:SERVER_PORT}] 2021-08-24 15:15:58,501 DEBUG [ConsumeMessageThread_3][BaseJdbcLogger.java:159] - ==>  Preparing: SELECT ID,USERNAME,FULLNAME,ID_NUMBER,USER_NO,MOBILE,USER_TYPE,ROLE,AUTH_LIST,IS_BIND_CARD,STATUS,LOAN_AMOUNT,REQUEST_NO FROM consumer WHERE REQUEST_NO = ? 
[${project.name}][${env:SERVER_PORT}] 2021-08-24 15:15:58,502 DEBUG [ConsumeMessageThread_3][BaseJdbcLogger.java:159] - ==> Parameters: REQ_2087B416EA024634B604D6B4013B78D9(String)
[${project.name}][${env:SERVER_PORT}] 2021-08-24 15:15:58,505 DEBUG [ConsumeMessageThread_3][BaseJdbcLogger.java:159] - <==      Total: 1
[${project.name}][${env:SERVER_PORT}] 2021-08-24 15:15:58,511 DEBUG [ConsumeMessageThread_3][BaseJdbcLogger.java:159] - ==>  Preparing: UPDATE consumer SET IS_BIND_CARD=?,STATUS=? WHERE ID = ? 
[${project.name}][${env:SERVER_PORT}] 2021-08-24 15:15:58,512 DEBUG [ConsumeMessageThread_3][BaseJdbcLogger.java:159] - ==> Parameters: 1(Integer), 1(Integer), 58(Long)
[${project.name}][${env:SERVER_PORT}] 2021-08-24 15:15:58,515 DEBUG [ConsumeMessageThread_3][BaseJdbcLogger.java:159] - <==    Updates: 1
[${project.name}][${env:SERVER_PORT}] 2021-08-24 15:15:58,519 DEBUG [ConsumeMessageThread_3][BaseJdbcLogger.java:159] - ==>  Preparing: UPDATE bank_card SET STATUS=?,BANK_CODE=?,BANK_NAME=? WHERE CONSUMER_ID = ? 
[${project.name}][${env:SERVER_PORT}] 2021-08-24 15:15:58,520 DEBUG [ConsumeMessageThread_3][BaseJdbcLogger.java:159] - ==> Parameters: 1(Integer), BOC(String), 中国银行(String), 58(Long)
[${project.name}][${env:SERVER_PORT}] 2021-08-24 15:15:58,521 DEBUG [ConsumeMessageThread_3][BaseJdbcLogger.java:159] - <==    Updates: 1
[${project.name}][${env:SERVER_PORT}] 2021-08-24 15:16:02,923 INFO [hmilyTransaction-hmily-transaction-self-recovery-2][LogUtil.java:87] - self recovery execute delayTime:60
[${project.name}][${env:SERVER_PORT}] 2021-08-24 15:16:05,067 INFO [Eureka-EvictionTimer][AbstractInstanceRegistry.java:1250] - Running the evict task with compensationTime 0ms
[${project.name}][${env:SERVER_PORT}] 2021-08-24 15:16:08,523 DEBUG [ConsumeMessageThread_4][BaseJdbcLogger.java:159] - ==>  Preparing: SELECT ID,USERNAME,FULLNAME,ID_NUMBER,USER_NO,MOBILE,USER_TYPE,ROLE,AUTH_LIST,IS_BIND_CARD,STATUS,LOAN_AMOUNT,REQUEST_NO FROM consumer WHERE REQUEST_NO = ? 
[${project.name}][${env:SERVER_PORT}] 2021-08-24 15:16:08,523 DEBUG [ConsumeMessageThread_4][BaseJdbcLogger.java:159] - ==> Parameters: REQ_2087B416EA024634B604D6B4013B78D9(String)
[${project.name}][${env:SERVER_PORT}] 2021-08-24 15:16:08,525 DEBUG [ConsumeMessageThread_4][BaseJdbcLogger.java:159] - <==      Total: 1
[${project.name}][${env:SERVER_PORT}] 2021-08-24 15:16:08,528 DEBUG [ConsumeMessageThread_4][BaseJdbcLogger.java:159] - ==>  Preparing: UPDATE consumer SET IS_BIND_CARD=?,STATUS=? WHERE ID = ? 
[${project.name}][${env:SERVER_PORT}] 2021-08-24 15:16:08,530 DEBUG [ConsumeMessageThread_4][BaseJdbcLogger.java:159] - ==> Parameters: 1(Integer), 1(Integer), 58(Long)
[${project.name}][${env:SERVER_PORT}] 2021-08-24 15:16:08,532 DEBUG [ConsumeMessageThread_4][BaseJdbcLogger.java:159] - <==    Updates: 1
[${project.name}][${env:SERVER_PORT}] 2021-08-24 15:16:08,533 DEBUG [ConsumeMessageThread_4][BaseJdbcLogger.java:159] - ==>  Preparing: UPDATE bank_card SET STATUS=?,BANK_CODE=?,BANK_NAME=? WHERE CONSUMER_ID = ? 
[${project.name}][${env:SERVER_PORT}] 2021-08-24 15:16:08,534 DEBUG [ConsumeMessageThread_4][BaseJdbcLogger.java:159] - ==> Parameters: 1(Integer), BOC(String), 中国银行(String), 58(Long)
[${project.name}][${env:SERVER_PORT}] 2021-08-24 15:16:08,535 DEBUG [ConsumeMessageThread_4][BaseJdbcLogger.java:159] - <==    Updates: 1
[${project.name}][${env:SERVER_PORT}] 2021-08-24 15:16:09,519 WARN [Apollo-RemoteConfigRepository-1][RemoteConfigRepository.java:194] - Load config failed, will retry in 1 SECONDS. appId: depository-agent-service, cluster: DEFAULT, namespaces: micro_service.spring-cloud-feign
[${project.name}][${env:SERVER_PORT}] 2021-08-24 15:16:10,527 WARN [Apollo-RemoteConfigRepository-1][AbstractConfigRepository.java:26] - Sync config failed, will retry. Repository class com.ctrip.framework.apollo.internals.RemoteConfigRepository, reason: Load Apollo Config failed - appId: depository-agent-service, cluster: DEFAULT, namespace: micro_service.spring-cloud-feign, url: http://192.168.1.6:8080/configs/depository-agent-service/DEFAULT/micro_service.spring-cloud-feign?ip=192.168.1.6&messages=%7B%22details%22%3A%7B%22common-template%2Bdefault%2Bmicro_service.spring-cloud-feign%22%3A403%2C%22depository-agent-service%2Bdefault%2Bmicro_service.spring-cloud-feign%22%3A349%7D%7D [Cause: [status code: 404] Could not find config for namespace - appId: depository-agent-service, cluster: DEFAULT, namespace: micro_service.spring-cloud-feign, please check whether the configs are released in Apollo!]
[${project.name}][${env:SERVER_PORT}] 2021-08-24 15:16:15,067 INFO [Eureka-EvictionTimer][AbstractInstanceRegistry.java:1250] - Running the evict task with compensationTime 0ms
[${project.name}][${env:SERVER_PORT}] 2021-08-24 15:16:25,067 INFO [Eureka-EvictionTimer][AbstractInstanceRegistry.java:1250] - Running the evict task with compensationTime 0ms
[${project.name}][${env:SERVER_PORT}] 2021-08-24 15:16:31,860 INFO [hmilyTransaction-hmily-transaction-self-recovery-40][LogUtil.java:87] - self recovery execute delayTime:60
[${project.name}][${env:SERVER_PORT}] 2021-08-24 15:16:32,080 INFO [AsyncResolver-bootstrap-executor-0][ConfigClusterResolver.java:43] - Resolving eureka endpoints via configuration
[${project.name}][${env:SERVER_PORT}] 2021-08-24 15:16:35,067 INFO [Eureka-EvictionTimer][AbstractInstanceRegistry.java:1250] - Running the evict task with compensationTime 0ms
[${project.name}][${env:SERVER_PORT}] 2021-08-24 15:16:38,573 DEBUG [ConsumeMessageThread_5][BaseJdbcLogger.java:159] - ==>  Preparing: SELECT ID,USERNAME,FULLNAME,ID_NUMBER,USER_NO,MOBILE,USER_TYPE,ROLE,AUTH_LIST,IS_BIND_CARD,STATUS,LOAN_AMOUNT,REQUEST_NO FROM consumer WHERE REQUEST_NO = ? 
[${project.name}][${env:SERVER_PORT}] 2021-08-24 15:16:38,575 DEBUG [ConsumeMessageThread_5][BaseJdbcLogger.java:159] - ==> Parameters: REQ_2087B416EA024634B604D6B4013B78D9(String)
[${project.name}][${env:SERVER_PORT}] 2021-08-24 15:16:38,577 DEBUG [ConsumeMessageThread_5][BaseJdbcLogger.java:159] - <==      Total: 1
[${project.name}][${env:SERVER_PORT}] 2021-08-24 15:16:38,580 DEBUG [ConsumeMessageThread_5][BaseJdbcLogger.java:159] - ==>  Preparing: UPDATE consumer SET IS_BIND_CARD=?,STATUS=? WHERE ID = ? 
[${project.name}][${env:SERVER_PORT}] 2021-08-24 15:16:38,580 DEBUG [ConsumeMessageThread_5][BaseJdbcLogger.java:159] - ==> Parameters: 1(Integer), 1(Integer), 58(Long)
[${project.name}][${env:SERVER_PORT}] 2021-08-24 15:16:38,582 DEBUG [ConsumeMessageThread_5][BaseJdbcLogger.java:159] - <==    Updates: 1
[${project.name}][${env:SERVER_PORT}] 2021-08-24 15:16:38,585 DEBUG [ConsumeMessageThread_5][BaseJdbcLogger.java:159] - ==>  Preparing: UPDATE bank_card SET STATUS=?,BANK_CODE=?,BANK_NAME=? WHERE CONSUMER_ID = ? 
[${project.name}][${env:SERVER_PORT}] 2021-08-24 15:16:38,586 DEBUG [ConsumeMessageThread_5][BaseJdbcLogger.java:159] - ==> Parameters: 1(Integer), BOC(String), 中国银行(String), 58(Long)
[${project.name}][${env:SERVER_PORT}] 2021-08-24 15:16:38,588 DEBUG [ConsumeMessageThread_5][BaseJdbcLogger.java:159] - <==    Updates: 1
[${project.name}][${env:SERVER_PORT}] 2021-08-24 15:16:43,084 INFO [hmilyTransaction-hmily-transaction-self-recovery-10][LogUtil.java:87] - self recovery execute delayTime:60
[${project.name}][${env:SERVER_PORT}] 2021-08-24 15:16:43,258 INFO [hmilyTransaction-hmily-transaction-self-recovery-20][LogUtil.java:87] - self recovery execute delayTime:60
[${project.name}][${env:SERVER_PORT}] 2021-08-24 15:16:45,067 INFO [Eureka-EvictionTimer][AbstractInstanceRegistry.java:1250] - Running the evict task with compensationTime 0ms
[${project.name}][${env:SERVER_PORT}] 2021-08-24 15:16:52,626 INFO [AsyncResolver-bootstrap-executor-0][ConfigClusterResolver.java:43] - Resolving eureka endpoints via configuration
[${project.name}][${env:SERVER_PORT}] 2021-08-24 15:16:54,118 INFO [hmilyTransaction-hmily-transaction-self-recovery-30][LogUtil.java:87] - self recovery execute delayTime:60
[${project.name}][${env:SERVER_PORT}] 2021-08-24 15:16:55,068 INFO [Eureka-EvictionTimer][AbstractInstanceRegistry.java:1250] - Running the evict task with compensationTime 0ms
[${project.name}][${env:SERVER_PORT}] 2021-08-24 15:17:00,261 INFO [AsyncResolver-bootstrap-executor-0][ConfigClusterResolver.java:43] - Resolving eureka endpoints via configuration
[${project.name}][${env:SERVER_PORT}] 2021-08-24 15:17:02,926 INFO [hmilyTransaction-hmily-transaction-self-recovery-2][LogUtil.java:87] - self recovery execute delayTime:60
[${project.name}][${env:SERVER_PORT}] 2021-08-24 15:17:05,068 INFO [Eureka-EvictionTimer][AbstractInstanceRegistry.java:1250] - Running the evict task with compensationTime 0ms
[${project.name}][${env:SERVER_PORT}] 2021-08-24 15:17:15,068 INFO [Eureka-EvictionTimer][AbstractInstanceRegistry.java:1250] - Running the evict task with compensationTime 0ms
[${project.name}][${env:SERVER_PORT}] 2021-08-24 15:17:25,068 INFO [Eureka-EvictionTimer][AbstractInstanceRegistry.java:1250] - Running the evict task with compensationTime 0ms
[${project.name}][${env:SERVER_PORT}] 2021-08-24 15:17:31,862 INFO [hmilyTransaction-hmily-transaction-self-recovery-40][LogUtil.java:87] - self recovery execute delayTime:60
[${project.name}][${env:SERVER_PORT}] 2021-08-24 15:17:35,069 INFO [Eureka-EvictionTimer][AbstractInstanceRegistry.java:1250] - Running the evict task with compensationTime 0ms
[${project.name}][${env:SERVER_PORT}] 2021-08-24 15:17:36,766 INFO [AsyncResolver-bootstrap-executor-0][ConfigClusterResolver.java:43] - Resolving eureka endpoints via configuration
[${project.name}][${env:SERVER_PORT}] 2021-08-24 15:17:38,631 DEBUG [ConsumeMessageThread_6][BaseJdbcLogger.java:159] - ==>  Preparing: SELECT ID,USERNAME,FULLNAME,ID_NUMBER,USER_NO,MOBILE,USER_TYPE,ROLE,AUTH_LIST,IS_BIND_CARD,STATUS,LOAN_AMOUNT,REQUEST_NO FROM consumer WHERE REQUEST_NO = ? 
[${project.name}][${env:SERVER_PORT}] 2021-08-24 15:17:38,632 DEBUG [ConsumeMessageThread_6][BaseJdbcLogger.java:159] - ==> Parameters: REQ_2087B416EA024634B604D6B4013B78D9(String)
[${project.name}][${env:SERVER_PORT}] 2021-08-24 15:17:38,633 DEBUG [ConsumeMessageThread_6][BaseJdbcLogger.java:159] - <==      Total: 1
[${project.name}][${env:SERVER_PORT}] 2021-08-24 15:17:38,636 DEBUG [ConsumeMessageThread_6][BaseJdbcLogger.java:159] - ==>  Preparing: UPDATE consumer SET IS_BIND_CARD=?,STATUS=? WHERE ID = ? 
[${project.name}][${env:SERVER_PORT}] 2021-08-24 15:17:38,637 DEBUG [ConsumeMessageThread_6][BaseJdbcLogger.java:159] - ==> Parameters: 1(Integer), 1(Integer), 58(Long)
[${project.name}][${env:SERVER_PORT}] 2021-08-24 15:17:38,639 DEBUG [ConsumeMessageThread_6][BaseJdbcLogger.java:159] - <==    Updates: 1
[${project.name}][${env:SERVER_PORT}] 2021-08-24 15:17:38,641 DEBUG [ConsumeMessageThread_6][BaseJdbcLogger.java:159] - ==>  Preparing: UPDATE bank_card SET STATUS=?,BANK_CODE=?,BANK_NAME=? WHERE CONSUMER_ID = ? 
[${project.name}][${env:SERVER_PORT}] 2021-08-24 15:17:38,643 DEBUG [ConsumeMessageThread_6][BaseJdbcLogger.java:159] - ==> Parameters: 1(Integer), BOC(String), 中国银行(String), 58(Long)
[${project.name}][${env:SERVER_PORT}] 2021-08-24 15:17:38,645 DEBUG [ConsumeMessageThread_6][BaseJdbcLogger.java:159] - <==    Updates: 1
[${project.name}][${env:SERVER_PORT}] 2021-08-24 15:17:43,086 INFO [hmilyTransaction-hmily-transaction-self-recovery-10][LogUtil.java:87] - self recovery execute delayTime:60
[${project.name}][${env:SERVER_PORT}] 2021-08-24 15:17:43,261 INFO [hmilyTransaction-hmily-transaction-self-recovery-20][LogUtil.java:87] - self recovery execute delayTime:60
[${project.name}][${env:SERVER_PORT}] 2021-08-24 15:17:45,069 INFO [Eureka-EvictionTimer][AbstractInstanceRegistry.java:1250] - Running the evict task with compensationTime 0ms
[${project.name}][${env:SERVER_PORT}] 2021-08-24 15:17:54,124 INFO [hmilyTransaction-hmily-transaction-self-recovery-30][LogUtil.java:87] - self recovery execute delayTime:60
[${project.name}][${env:SERVER_PORT}] 2021-08-24 15:17:55,069 INFO [Eureka-EvictionTimer][AbstractInstanceRegistry.java:1250] - Running the evict task with compensationTime 0ms
[${project.name}][${env:SERVER_PORT}] 2021-08-24 15:18:02,928 INFO [hmilyTransaction-hmily-transaction-self-recovery-2][LogUtil.java:87] - self recovery execute delayTime:60
[${project.name}][${env:SERVER_PORT}] 2021-08-24 15:18:05,069 INFO [Eureka-EvictionTimer][AbstractInstanceRegistry.java:1250] - Running the evict task with compensationTime 0ms
[${project.name}][${env:SERVER_PORT}] 2021-08-24 15:18:15,070 INFO [Eureka-EvictionTimer][AbstractInstanceRegistry.java:1250] - Running the evict task with compensationTime 0ms
[${project.name}][${env:SERVER_PORT}] 2021-08-24 15:18:25,070 INFO [Eureka-EvictionTimer][AbstractInstanceRegistry.java:1250] - Running the evict task with compensationTime 0ms
[${project.name}][${env:SERVER_PORT}] 2021-08-24 15:18:31,865 INFO [hmilyTransaction-hmily-transaction-self-recovery-40][LogUtil.java:87] - self recovery execute delayTime:60
[${project.name}][${env:SERVER_PORT}] 2021-08-24 15:18:35,070 INFO [Eureka-EvictionTimer][AbstractInstanceRegistry.java:1250] - Running the evict task with compensationTime 0ms
[${project.name}][${env:SERVER_PORT}] 2021-08-24 15:18:43,090 INFO [hmilyTransaction-hmily-transaction-self-recovery-10][LogUtil.java:87] - self recovery execute delayTime:60
[${project.name}][${env:SERVER_PORT}] 2021-08-24 15:18:43,263 INFO [hmilyTransaction-hmily-transaction-self-recovery-20][LogUtil.java:87] - self recovery execute delayTime:60
[${project.name}][${env:SERVER_PORT}] 2021-08-24 15:18:45,071 INFO [Eureka-EvictionTimer][AbstractInstanceRegistry.java:1250] - Running the evict task with compensationTime 0ms
[${project.name}][${env:SERVER_PORT}] 2021-08-24 15:18:54,126 INFO [hmilyTransaction-hmily-transaction-self-recovery-30][LogUtil.java:87] - self recovery execute delayTime:60
[${project.name}][${env:SERVER_PORT}] 2021-08-24 15:18:55,071 INFO [Eureka-EvictionTimer][AbstractInstanceRegistry.java:1250] - Running the evict task with compensationTime 0ms
[${project.name}][${env:SERVER_PORT}] 2021-08-24 15:19:02,932 INFO [hmilyTransaction-hmily-transaction-self-recovery-2][LogUtil.java:87] - self recovery execute delayTime:60
[${project.name}][${env:SERVER_PORT}] 2021-08-24 15:19:05,071 INFO [Eureka-EvictionTimer][AbstractInstanceRegistry.java:1250] - Running the evict task with compensationTime 0ms
[${project.name}][${env:SERVER_PORT}] 2021-08-24 15:19:15,071 INFO [Eureka-EvictionTimer][AbstractInstanceRegistry.java:1250] - Running the evict task with compensationTime 0ms
[${project.name}][${env:SERVER_PORT}] 2021-08-24 15:19:25,072 INFO [Eureka-EvictionTimer][AbstractInstanceRegistry.java:1250] - Running the evict task with compensationTime 0ms
[${project.name}][${env:SERVER_PORT}] 2021-08-24 15:19:31,869 INFO [hmilyTransaction-hmily-transaction-self-recovery-40][LogUtil.java:87] - self recovery execute delayTime:60
[${project.name}][${env:SERVER_PORT}] 2021-08-24 15:19:35,072 INFO [Eureka-EvictionTimer][AbstractInstanceRegistry.java:1250] - Running the evict task with compensationTime 0ms
[${project.name}][${env:SERVER_PORT}] 2021-08-24 15:19:38,685 DEBUG [ConsumeMessageThread_7][BaseJdbcLogger.java:159] - ==>  Preparing: SELECT ID,USERNAME,FULLNAME,ID_NUMBER,USER_NO,MOBILE,USER_TYPE,ROLE,AUTH_LIST,IS_BIND_CARD,STATUS,LOAN_AMOUNT,REQUEST_NO FROM consumer WHERE REQUEST_NO = ? 
[${project.name}][${env:SERVER_PORT}] 2021-08-24 15:19:38,685 DEBUG [ConsumeMessageThread_7][BaseJdbcLogger.java:159] - ==> Parameters: REQ_2087B416EA024634B604D6B4013B78D9(String)
[${project.name}][${env:SERVER_PORT}] 2021-08-24 15:19:38,687 DEBUG [ConsumeMessageThread_7][BaseJdbcLogger.java:159] - <==      Total: 1
[${project.name}][${env:SERVER_PORT}] 2021-08-24 15:19:38,688 DEBUG [ConsumeMessageThread_7][BaseJdbcLogger.java:159] - ==>  Preparing: UPDATE consumer SET IS_BIND_CARD=?,STATUS=? WHERE ID = ? 
[${project.name}][${env:SERVER_PORT}] 2021-08-24 15:19:38,689 DEBUG [ConsumeMessageThread_7][BaseJdbcLogger.java:159] - ==> Parameters: 1(Integer), 1(Integer), 58(Long)
[${project.name}][${env:SERVER_PORT}] 2021-08-24 15:19:38,690 DEBUG [ConsumeMessageThread_7][BaseJdbcLogger.java:159] - <==    Updates: 1
[${project.name}][${env:SERVER_PORT}] 2021-08-24 15:19:38,692 DEBUG [ConsumeMessageThread_7][BaseJdbcLogger.java:159] - ==>  Preparing: UPDATE bank_card SET STATUS=?,BANK_CODE=?,BANK_NAME=? WHERE CONSUMER_ID = ? 
[${project.name}][${env:SERVER_PORT}] 2021-08-24 15:19:38,692 DEBUG [ConsumeMessageThread_7][BaseJdbcLogger.java:159] - ==> Parameters: 1(Integer), BOC(String), 中国银行(String), 58(Long)
[${project.name}][${env:SERVER_PORT}] 2021-08-24 15:19:38,694 DEBUG [ConsumeMessageThread_7][BaseJdbcLogger.java:159] - <==    Updates: 1
[${project.name}][${env:SERVER_PORT}] 2021-08-24 15:19:43,093 INFO [hmilyTransaction-hmily-transaction-self-recovery-10][LogUtil.java:87] - self recovery execute delayTime:60
[${project.name}][${env:SERVER_PORT}] 2021-08-24 15:19:43,266 INFO [hmilyTransaction-hmily-transaction-self-recovery-20][LogUtil.java:87] - self recovery execute delayTime:60
[${project.name}][${env:SERVER_PORT}] 2021-08-24 15:19:45,072 INFO [Eureka-EvictionTimer][AbstractInstanceRegistry.java:1250] - Running the evict task with compensationTime 0ms
[${project.name}][${env:SERVER_PORT}] 2021-08-24 15:19:49,487 WARN [Apollo-RemoteConfigRepository-1][RemoteConfigRepository.java:194] - Load config failed, will retry in 1 SECONDS. appId: uaa-service, cluster: DEFAULT, namespaces: micro_service.spring-cloud-feign
[${project.name}][${env:SERVER_PORT}] 2021-08-24 15:19:50,497 WARN [Apollo-RemoteConfigRepository-1][AbstractConfigRepository.java:26] - Sync config failed, will retry. Repository class com.ctrip.framework.apollo.internals.RemoteConfigRepository, reason: Load Apollo Config failed - appId: uaa-service, cluster: DEFAULT, namespace: micro_service.spring-cloud-feign, url: http://192.168.1.6:8080/configs/uaa-service/DEFAULT/micro_service.spring-cloud-feign?ip=192.168.1.6&messages=%7B%22details%22%3A%7B%22uaa-service%2Bdefault%2Bmicro_service.spring-cloud-feign%22%3A313%2C%22common-template%2Bdefault%2Bmicro_service.spring-cloud-feign%22%3A403%7D%7D [Cause: [status code: 404] Could not find config for namespace - appId: uaa-service, cluster: DEFAULT, namespace: micro_service.spring-cloud-feign, please check whether the configs are released in Apollo!]
[${project.name}][${env:SERVER_PORT}] 2021-08-24 15:19:54,128 INFO [hmilyTransaction-hmily-transaction-self-recovery-30][LogUtil.java:87] - self recovery execute delayTime:60
[${project.name}][${env:SERVER_PORT}] 2021-08-24 15:19:55,072 INFO [Eureka-EvictionTimer][AbstractInstanceRegistry.java:1250] - Running the evict task with compensationTime 0ms
[${project.name}][${env:SERVER_PORT}] 2021-08-24 15:20:02,934 INFO [hmilyTransaction-hmily-transaction-self-recovery-2][LogUtil.java:87] - self recovery execute delayTime:60
[${project.name}][${env:SERVER_PORT}] 2021-08-24 15:20:05,073 INFO [Eureka-EvictionTimer][AbstractInstanceRegistry.java:1250] - Running the evict task with compensationTime 0ms
[${project.name}][${env:SERVER_PORT}] 2021-08-24 15:20:09,621 INFO [AsyncResolver-bootstrap-executor-0][ConfigClusterResolver.java:43] - Resolving eureka endpoints via configuration
[${project.name}][${env:SERVER_PORT}] 2021-08-24 15:20:15,073 INFO [Eureka-EvictionTimer][AbstractInstanceRegistry.java:1250] - Running the evict task with compensationTime 0ms
[${project.name}][${env:SERVER_PORT}] 2021-08-24 15:20:25,073 INFO [Eureka-EvictionTimer][AbstractInstanceRegistry.java:1250] - Running the evict task with compensationTime 0ms
[${project.name}][${env:SERVER_PORT}] 2021-08-24 15:20:31,873 INFO [hmilyTransaction-hmily-transaction-self-recovery-40][LogUtil.java:87] - self recovery execute delayTime:60
[${project.name}][${env:SERVER_PORT}] 2021-08-24 15:20:35,073 INFO [Eureka-EvictionTimer][AbstractInstanceRegistry.java:1250] - Running the evict task with compensationTime 0ms
[${project.name}][${env:SERVER_PORT}] 2021-08-24 15:20:43,095 INFO [hmilyTransaction-hmily-transaction-self-recovery-10][LogUtil.java:87] - self recovery execute delayTime:60
[${project.name}][${env:SERVER_PORT}] 2021-08-24 15:20:43,268 INFO [hmilyTransaction-hmily-transaction-self-recovery-20][LogUtil.java:87] - self recovery execute delayTime:60
[${project.name}][${env:SERVER_PORT}] 2021-08-24 15:20:45,074 INFO [Eureka-EvictionTimer][AbstractInstanceRegistry.java:1250] - Running the evict task with compensationTime 0ms
[${project.name}][${env:SERVER_PORT}] 2021-08-24 15:20:54,131 INFO [hmilyTransaction-hmily-transaction-self-recovery-30][LogUtil.java:87] - self recovery execute delayTime:60
[${project.name}][${env:SERVER_PORT}] 2021-08-24 15:20:55,074 INFO [Eureka-EvictionTimer][AbstractInstanceRegistry.java:1250] - Running the evict task with compensationTime 0ms
[${project.name}][${env:SERVER_PORT}] 2021-08-24 15:21:02,938 INFO [hmilyTransaction-hmily-transaction-self-recovery-2][LogUtil.java:87] - self recovery execute delayTime:60
[${project.name}][${env:SERVER_PORT}] 2021-08-24 15:21:05,074 INFO [Eureka-EvictionTimer][AbstractInstanceRegistry.java:1250] - Running the evict task with compensationTime 0ms
[${project.name}][${env:SERVER_PORT}] 2021-08-24 15:21:09,521 WARN [Apollo-RemoteConfigRepository-1][RemoteConfigRepository.java:194] - Load config failed, will retry in 1 SECONDS. appId: depository-agent-service, cluster: DEFAULT, namespaces: micro_service.spring-cloud-feign
[${project.name}][${env:SERVER_PORT}] 2021-08-24 15:21:10,526 WARN [Apollo-RemoteConfigRepository-1][AbstractConfigRepository.java:26] - Sync config failed, will retry. Repository class com.ctrip.framework.apollo.internals.RemoteConfigRepository, reason: Load Apollo Config failed - appId: depository-agent-service, cluster: DEFAULT, namespace: micro_service.spring-cloud-feign, url: http://192.168.1.6:8080/configs/depository-agent-service/DEFAULT/micro_service.spring-cloud-feign?ip=192.168.1.6&messages=%7B%22details%22%3A%7B%22common-template%2Bdefault%2Bmicro_service.spring-cloud-feign%22%3A403%2C%22depository-agent-service%2Bdefault%2Bmicro_service.spring-cloud-feign%22%3A349%7D%7D [Cause: [status code: 404] Could not find config for namespace - appId: depository-agent-service, cluster: DEFAULT, namespace: micro_service.spring-cloud-feign, please check whether the configs are released in Apollo!]
[${project.name}][${env:SERVER_PORT}] 2021-08-24 15:21:15,074 INFO [Eureka-EvictionTimer][AbstractInstanceRegistry.java:1250] - Running the evict task with compensationTime 0ms
[${project.name}][${env:SERVER_PORT}] 2021-08-24 15:21:25,083 INFO [Eureka-EvictionTimer][AbstractInstanceRegistry.java:1250] - Running the evict task with compensationTime 8ms
[${project.name}][${env:SERVER_PORT}] 2021-08-24 15:21:31,876 INFO [hmilyTransaction-hmily-transaction-self-recovery-40][LogUtil.java:87] - self recovery execute delayTime:60
[${project.name}][${env:SERVER_PORT}] 2021-08-24 15:21:32,082 INFO [AsyncResolver-bootstrap-executor-0][ConfigClusterResolver.java:43] - Resolving eureka endpoints via configuration
[${project.name}][${env:SERVER_PORT}] 2021-08-24 15:21:35,083 INFO [Eureka-EvictionTimer][AbstractInstanceRegistry.java:1250] - Running the evict task with compensationTime 0ms
[${project.name}][${env:SERVER_PORT}] 2021-08-24 15:21:38,668 INFO [NettyClientSelector_1][Slf4jLoggerFactory.java:95] - closeChannel: close the connection to remote address[192.168.25.1:10909] result: true
[${project.name}][${env:SERVER_PORT}] 2021-08-24 15:21:41,937 DEBUG [ConsumeMessageThread_8][BaseJdbcLogger.java:159] - ==>  Preparing: SELECT ID,USERNAME,FULLNAME,ID_NUMBER,USER_NO,MOBILE,USER_TYPE,ROLE,AUTH_LIST,IS_BIND_CARD,STATUS,LOAN_AMOUNT,REQUEST_NO FROM consumer WHERE REQUEST_NO = ? 
[${project.name}][${env:SERVER_PORT}] 2021-08-24 15:21:41,938 DEBUG [ConsumeMessageThread_8][BaseJdbcLogger.java:159] - ==> Parameters: REQ_AEC76F64068744C29517F3E28F60D710(String)
[${project.name}][${env:SERVER_PORT}] 2021-08-24 15:21:41,939 DEBUG [ConsumeMessageThread_8][BaseJdbcLogger.java:159] - <==      Total: 1
[${project.name}][${env:SERVER_PORT}] 2021-08-24 15:21:41,945 DEBUG [ConsumeMessageThread_8][BaseJdbcLogger.java:159] - ==>  Preparing: UPDATE consumer SET IS_BIND_CARD=?,STATUS=? WHERE ID = ? 
[${project.name}][${env:SERVER_PORT}] 2021-08-24 15:21:41,945 DEBUG [ConsumeMessageThread_8][BaseJdbcLogger.java:159] - ==> Parameters: 1(Integer), 1(Integer), 57(Long)
[${project.name}][${env:SERVER_PORT}] 2021-08-24 15:21:41,946 DEBUG [ConsumeMessageThread_8][BaseJdbcLogger.java:159] - <==    Updates: 1
[${project.name}][${env:SERVER_PORT}] 2021-08-24 15:21:41,950 DEBUG [ConsumeMessageThread_8][BaseJdbcLogger.java:159] - ==>  Preparing: UPDATE bank_card SET STATUS=?,BANK_CODE=?,BANK_NAME=? WHERE CONSUMER_ID = ? 
[${project.name}][${env:SERVER_PORT}] 2021-08-24 15:21:41,951 DEBUG [ConsumeMessageThread_8][BaseJdbcLogger.java:159] - ==> Parameters: 1(Integer), CMB(String), 招商银行(String), 57(Long)
[${project.name}][${env:SERVER_PORT}] 2021-08-24 15:21:41,953 DEBUG [ConsumeMessageThread_8][BaseJdbcLogger.java:159] - <==    Updates: 1
[${project.name}][${env:SERVER_PORT}] 2021-08-24 15:21:43,098 INFO [hmilyTransaction-hmily-transaction-self-recovery-10][LogUtil.java:87] - self recovery execute delayTime:60
[${project.name}][${env:SERVER_PORT}] 2021-08-24 15:21:43,268 INFO [hmilyTransaction-hmily-transaction-self-recovery-20][LogUtil.java:87] - self recovery execute delayTime:60
[${project.name}][${env:SERVER_PORT}] 2021-08-24 15:21:45,083 INFO [Eureka-EvictionTimer][AbstractInstanceRegistry.java:1250] - Running the evict task with compensationTime 0ms
[${project.name}][${env:SERVER_PORT}] 2021-08-24 15:21:52,627 INFO [AsyncResolver-bootstrap-executor-0][ConfigClusterResolver.java:43] - Resolving eureka endpoints via configuration
[${project.name}][${env:SERVER_PORT}] 2021-08-24 15:21:54,133 INFO [hmilyTransaction-hmily-transaction-self-recovery-30][LogUtil.java:87] - self recovery execute delayTime:60
[${project.name}][${env:SERVER_PORT}] 2021-08-24 15:21:55,084 INFO [Eureka-EvictionTimer][AbstractInstanceRegistry.java:1250] - Running the evict task with compensationTime 0ms
[${project.name}][${env:SERVER_PORT}] 2021-08-24 15:22:00,262 INFO [AsyncResolver-bootstrap-executor-0][ConfigClusterResolver.java:43] - Resolving eureka endpoints via configuration
[${project.name}][${env:SERVER_PORT}] 2021-08-24 15:22:02,940 INFO [hmilyTransaction-hmily-transaction-self-recovery-2][LogUtil.java:87] - self recovery execute delayTime:60
[${project.name}][${env:SERVER_PORT}] 2021-08-24 15:22:05,084 INFO [Eureka-EvictionTimer][AbstractInstanceRegistry.java:1250] - Running the evict task with compensationTime 0ms
[${project.name}][${env:SERVER_PORT}] 2021-08-24 15:22:15,084 INFO [Eureka-EvictionTimer][AbstractInstanceRegistry.java:1250] - Running the evict task with compensationTime 0ms
